{"/home/travis/build/npmtest/node-npmtest-github/test.js":{"path":"/home/travis/build/npmtest/node-npmtest-github/test.js","s":{"1":2,"2":2,"3":2,"4":2,"5":2,"6":2,"7":2,"8":1,"9":2,"10":2,"11":1,"12":1,"13":1,"14":1,"15":2,"16":2,"17":2,"18":2,"19":1,"20":1,"21":2,"22":2,"23":2,"24":1,"25":1,"26":1,"27":1,"28":1,"29":1,"30":1,"31":1,"32":1,"33":1,"34":1,"35":1,"36":1,"37":1,"38":1,"39":2,"40":2,"41":1,"42":2,"43":2,"44":1,"45":2,"46":2,"47":1,"48":2,"49":2,"50":1,"51":1,"52":1,"53":1,"54":1},"b":{"1":[2,1,1,1],"2":[1,1,1,1],"3":[1,1],"4":[1,1],"5":[1,1],"6":[1,1],"7":[1,1],"8":[1,1],"9":[1,1],"10":[1,1,1],"11":[1,1],"12":[1,1],"13":[1,1],"14":[1,1],"15":[1,1],"16":[1,1],"17":[1,1]},"f":{"1":2,"2":2,"3":2,"4":2,"5":2,"6":1,"7":1,"8":1,"9":2,"10":2,"11":2,"12":2,"13":1},"fnMap":{"1":{"name":"(anonymous_1)","line":12,"loc":{"start":{"line":12,"column":1},"end":{"line":12,"column":13}}},"2":{"name":"(anonymous_2)","line":19,"loc":{"start":{"line":19,"column":5},"end":{"line":19,"column":17}}},"3":{"name":"(anonymous_3)","line":23,"loc":{"start":{"line":23,"column":24},"end":{"line":23,"column":36}}},"4":{"name":"(anonymous_4)","line":61,"loc":{"start":{"line":61,"column":5},"end":{"line":61,"column":17}}},"5":{"name":"(anonymous_5)","line":82,"loc":{"start":{"line":82,"column":5},"end":{"line":82,"column":17}}},"6":{"name":"(anonymous_6)","line":91,"loc":{"start":{"line":91,"column":77},"end":{"line":94,"column":10}}},"7":{"name":"(anonymous_7)","line":112,"loc":{"start":{"line":112,"column":83},"end":{"line":115,"column":10}},"skip":true},"8":{"name":"(anonymous_8)","line":123,"loc":{"start":{"line":123,"column":77},"end":{"line":126,"column":10}},"skip":true},"9":{"name":"(anonymous_9)","line":139,"loc":{"start":{"line":139,"column":12},"end":{"line":139,"column":40}},"skip":true},"10":{"name":"(anonymous_10)","line":147,"loc":{"start":{"line":147,"column":77},"end":{"line":150,"column":10}},"skip":true},"11":{"name":"(anonymous_11)","line":158,"loc":{"start":{"line":158,"column":83},"end":{"line":161,"column":10}},"skip":true},"12":{"name":"(anonymous_12)","line":169,"loc":{"start":{"line":169,"column":79},"end":{"line":172,"column":10}},"skip":true},"13":{"name":"(anonymous_13)","line":180,"loc":{"start":{"line":180,"column":75},"end":{"line":183,"column":10}},"skip":true}},"statementMap":{"1":{"start":{"line":12,"column":0},"end":{"line":195,"column":5}},"2":{"start":{"line":14,"column":4},"end":{"line":14,"column":14}},"3":{"start":{"line":19,"column":4},"end":{"line":56,"column":9}},"4":{"start":{"line":21,"column":8},"end":{"line":21,"column":19}},"5":{"start":{"line":23,"column":8},"end":{"line":35,"column":13}},"6":{"start":{"line":24,"column":12},"end":{"line":34,"column":13}},"7":{"start":{"line":25,"column":16},"end":{"line":28,"column":30}},"8":{"start":{"line":30,"column":16},"end":{"line":33,"column":27}},"9":{"start":{"line":37,"column":8},"end":{"line":39,"column":21}},"10":{"start":{"line":40,"column":8},"end":{"line":53,"column":9}},"11":{"start":{"line":43,"column":12},"end":{"line":46,"column":14}},"12":{"start":{"line":47,"column":12},"end":{"line":47,"column":18}},"13":{"start":{"line":50,"column":12},"end":{"line":51,"column":46}},"14":{"start":{"line":52,"column":12},"end":{"line":52,"column":18}},"15":{"start":{"line":55,"column":8},"end":{"line":55,"column":35}},"16":{"start":{"line":61,"column":4},"end":{"line":63,"column":9}},"17":{"start":{"line":62,"column":8},"end":{"line":62,"column":15}},"18":{"start":{"line":64,"column":4},"end":{"line":77,"column":5}},"19":{"start":{"line":70,"column":8},"end":{"line":70,"column":14}},"20":{"start":{"line":76,"column":8},"end":{"line":76,"column":14}},"21":{"start":{"line":82,"column":4},"end":{"line":84,"column":9}},"22":{"start":{"line":83,"column":8},"end":{"line":83,"column":15}},"23":{"start":{"line":85,"column":4},"end":{"line":194,"column":5}},"24":{"start":{"line":91,"column":8},"end":{"line":99,"column":10}},"25":{"start":{"line":98,"column":12},"end":{"line":98,"column":35}},"26":{"start":{"line":102,"column":8},"end":{"line":104,"column":63}},"27":{"start":{"line":105,"column":8},"end":{"line":105,"column":14}},"28":{"start":{"line":112,"column":8},"end":{"line":121,"column":10},"skip":true},"29":{"start":{"line":119,"column":12},"end":{"line":119,"column":55},"skip":true},"30":{"start":{"line":120,"column":12},"end":{"line":120,"column":48},"skip":true},"31":{"start":{"line":123,"column":8},"end":{"line":136,"column":10},"skip":true},"32":{"start":{"line":130,"column":12},"end":{"line":130,"column":76},"skip":true},"33":{"start":{"line":131,"column":12},"end":{"line":131,"column":73},"skip":true},"34":{"start":{"line":132,"column":12},"end":{"line":132,"column":74},"skip":true},"35":{"start":{"line":133,"column":12},"end":{"line":133,"column":79},"skip":true},"36":{"start":{"line":134,"column":12},"end":{"line":134,"column":25},"skip":true},"37":{"start":{"line":135,"column":12},"end":{"line":135,"column":45},"skip":true},"38":{"start":{"line":138,"column":8},"end":{"line":145,"column":14},"skip":true},"39":{"start":{"line":143,"column":16},"end":{"line":143,"column":29},"skip":true},"40":{"start":{"line":144,"column":16},"end":{"line":144,"column":55},"skip":true},"41":{"start":{"line":147,"column":8},"end":{"line":156,"column":10},"skip":true},"42":{"start":{"line":154,"column":12},"end":{"line":154,"column":25},"skip":true},"43":{"start":{"line":155,"column":12},"end":{"line":155,"column":45},"skip":true},"44":{"start":{"line":158,"column":8},"end":{"line":167,"column":10},"skip":true},"45":{"start":{"line":165,"column":12},"end":{"line":165,"column":25},"skip":true},"46":{"start":{"line":166,"column":12},"end":{"line":166,"column":48},"skip":true},"47":{"start":{"line":169,"column":8},"end":{"line":178,"column":10},"skip":true},"48":{"start":{"line":176,"column":12},"end":{"line":176,"column":25},"skip":true},"49":{"start":{"line":177,"column":12},"end":{"line":177,"column":46},"skip":true},"50":{"start":{"line":180,"column":8},"end":{"line":189,"column":10},"skip":true},"51":{"start":{"line":187,"column":12},"end":{"line":187,"column":94},"skip":true},"52":{"start":{"line":188,"column":12},"end":{"line":188,"column":48},"skip":true},"53":{"start":{"line":192,"column":8},"end":{"line":192,"column":35},"skip":true},"54":{"start":{"line":193,"column":8},"end":{"line":193,"column":14},"skip":true}},"branchMap":{"1":{"line":25,"type":"binary-expr","locations":[{"start":{"line":25,"column":23},"end":{"line":25,"column":62}},{"start":{"line":26,"column":20},"end":{"line":26,"column":70}},{"start":{"line":27,"column":20},"end":{"line":27,"column":71}},{"start":{"line":28,"column":20},"end":{"line":28,"column":29}}]},"2":{"line":30,"type":"binary-expr","locations":[{"start":{"line":30,"column":23},"end":{"line":30,"column":37}},{"start":{"line":31,"column":20},"end":{"line":31,"column":61}},{"start":{"line":32,"column":20},"end":{"line":32,"column":70}},{"start":{"line":33,"column":20},"end":{"line":33,"column":26}}]},"3":{"line":37,"type":"cond-expr","locations":[{"start":{"line":38,"column":14},"end":{"line":38,"column":20}},{"start":{"line":39,"column":14},"end":{"line":39,"column":20}}]},"4":{"line":40,"type":"switch","locations":[{"start":{"line":42,"column":8},"end":{"line":47,"column":18}},{"start":{"line":49,"column":8},"end":{"line":52,"column":18}}]},"5":{"line":44,"type":"binary-expr","locations":[{"start":{"line":44,"column":16},"end":{"line":44,"column":44}},{"start":{"line":44,"column":48},"end":{"line":44,"column":66}}]},"6":{"line":50,"type":"binary-expr","locations":[{"start":{"line":50,"column":21},"end":{"line":50,"column":49}},{"start":{"line":50,"column":53},"end":{"line":50,"column":72}}]},"7":{"line":64,"type":"switch","locations":[{"start":{"line":69,"column":4},"end":{"line":70,"column":14}},{"start":{"line":75,"column":4},"end":{"line":76,"column":14}}]},"8":{"line":85,"type":"switch","locations":[{"start":{"line":90,"column":4},"end":{"line":105,"column":14}},{"start":{"line":111,"column":4},"end":{"line":193,"column":14},"skip":true}]},"9":{"line":91,"type":"binary-expr","locations":[{"start":{"line":91,"column":42},"end":{"line":91,"column":73}},{"start":{"line":91,"column":77},"end":{"line":99,"column":9}}]},"10":{"line":102,"type":"binary-expr","locations":[{"start":{"line":102,"column":18},"end":{"line":102,"column":32}},{"start":{"line":103,"column":12},"end":{"line":103,"column":53}},{"start":{"line":104,"column":12},"end":{"line":104,"column":61}}]},"11":{"line":112,"type":"binary-expr","locations":[{"start":{"line":112,"column":45},"end":{"line":112,"column":79},"skip":true},{"start":{"line":112,"column":83},"end":{"line":121,"column":9},"skip":true}]},"12":{"line":123,"type":"binary-expr","locations":[{"start":{"line":123,"column":42},"end":{"line":123,"column":73},"skip":true},{"start":{"line":123,"column":77},"end":{"line":136,"column":9},"skip":true}]},"13":{"line":138,"type":"binary-expr","locations":[{"start":{"line":138,"column":48},"end":{"line":138,"column":85},"skip":true},{"start":{"line":139,"column":12},"end":{"line":145,"column":13},"skip":true}]},"14":{"line":147,"type":"binary-expr","locations":[{"start":{"line":147,"column":42},"end":{"line":147,"column":73},"skip":true},{"start":{"line":147,"column":77},"end":{"line":156,"column":9},"skip":true}]},"15":{"line":158,"type":"binary-expr","locations":[{"start":{"line":158,"column":45},"end":{"line":158,"column":79},"skip":true},{"start":{"line":158,"column":83},"end":{"line":167,"column":9},"skip":true}]},"16":{"line":169,"type":"binary-expr","locations":[{"start":{"line":169,"column":43},"end":{"line":169,"column":75},"skip":true},{"start":{"line":169,"column":79},"end":{"line":178,"column":9},"skip":true}]},"17":{"line":180,"type":"binary-expr","locations":[{"start":{"line":180,"column":41},"end":{"line":180,"column":71},"skip":true},{"start":{"line":180,"column":75},"end":{"line":189,"column":9},"skip":true}]}},"code":["/* istanbul instrument in package npmtest_github */","/*jslint","    bitwise: true,","    browser: true,","    maxerr: 8,","    maxlen: 96,","    node: true,","    nomen: true,","    regexp: true,","    stupid: true","*/","(function () {","    'use strict';","    var local;","","","","    // run shared js-env code - pre-init","    (function () {","        // init local","        local = {};","        // init modeJs","        local.modeJs = (function () {","            try {","                return typeof navigator.userAgent === 'string' &&","                    typeof document.querySelector('body') === 'object' &&","                    typeof XMLHttpRequest.prototype.open === 'function' &&","                    'browser';","            } catch (errorCaughtBrowser) {","                return module.exports &&","                    typeof process.versions.node === 'string' &&","                    typeof require('http').createServer === 'function' &&","                    'node';","            }","        }());","        // init global","        local.global = local.modeJs === 'browser'","            ? window","            : global;","        switch (local.modeJs) {","        // re-init local from window.local","        case 'browser':","            local = local.global.utility2.objectSetDefault(","                local.global.utility2_rollup || local.global.local,","                local.global.utility2","            );","            break;","        // re-init local from example.js","        case 'node':","            local = (local.global.utility2_rollup || require('utility2'))","                .requireExampleJsFromReadme();","            break;","        }","        // export local","        local.global.local = local;","    }());","","","","    // run shared js-env code - function","    (function () {","        return;","    }());","    switch (local.modeJs) {","","","","    // run browser js-env code - function","    case 'browser':","        break;","","","","    // run node js-env code - function","    case 'node':","        break;","    }","","","","    // run shared js-env code - post-init","    (function () {","        return;","    }());","    switch (local.modeJs) {","","","","    // run browser js-env code - post-init","    case 'browser':","        local.testCase_browser_nullCase = local.testCase_browser_nullCase || function (","            options,","            onError","        ) {","        /*","         * this function will test browsers's null-case handling-behavior-behavior","         */","            onError(null, options);","        };","","        // run tests","        local.nop(local.modeTest &&","            document.querySelector('#testRunButton1') &&","            document.querySelector('#testRunButton1').click());","        break;","","","","    // run node js-env code - post-init","    /* istanbul ignore next */","    case 'node':","        local.testCase_buildApidoc_default = local.testCase_buildApidoc_default || function (","            options,","            onError","        ) {","        /*","         * this function will test buildApidoc's default handling-behavior-behavior","         */","            options = { modulePathList: module.paths };","            local.buildApidoc(options, onError);","        };","","        local.testCase_buildApp_default = local.testCase_buildApp_default || function (","            options,","            onError","        ) {","        /*","         * this function will test buildApp's default handling-behavior-behavior","         */","            local.testCase_buildReadme_default(options, local.onErrorThrow);","            local.testCase_buildLib_default(options, local.onErrorThrow);","            local.testCase_buildTest_default(options, local.onErrorThrow);","            local.testCase_buildCustomOrg_default(options, local.onErrorThrow);","            options = [];","            local.buildApp(options, onError);","        };","","        local.testCase_buildCustomOrg_default = local.testCase_buildCustomOrg_default ||","            function (options, onError) {","            /*","             * this function will test buildCustomOrg's default handling-behavior","             */","                options = {};","                local.buildCustomOrg(options, onError);","            };","","        local.testCase_buildLib_default = local.testCase_buildLib_default || function (","            options,","            onError","        ) {","        /*","         * this function will test buildLib's default handling-behavior","         */","            options = {};","            local.buildLib(options, onError);","        };","","        local.testCase_buildReadme_default = local.testCase_buildReadme_default || function (","            options,","            onError","        ) {","        /*","         * this function will test buildReadme's default handling-behavior-behavior","         */","            options = {};","            local.buildReadme(options, onError);","        };","","        local.testCase_buildTest_default = local.testCase_buildTest_default || function (","            options,","            onError","        ) {","        /*","         * this function will test buildTest's default handling-behavior","         */","            options = {};","            local.buildTest(options, onError);","        };","","        local.testCase_webpage_default = local.testCase_webpage_default || function (","            options,","            onError","        ) {","        /*","         * this function will test webpage's default handling-behavior","         */","            options = { modeCoverageMerge: true, url: local.serverLocalHost + '?modeTest=1' };","            local.browserTest(options, onError);","        };","","        // run test-server","        local.testRunServer(local);","        break;","    }","}());",""],"l":{"12":2,"14":2,"19":2,"21":2,"23":2,"24":2,"25":2,"30":1,"37":2,"40":2,"43":1,"47":1,"50":1,"52":1,"55":2,"61":2,"62":2,"64":2,"70":1,"76":1,"82":2,"83":2,"85":2,"91":1,"98":1,"102":1,"105":1,"112":1,"119":1,"120":1,"123":1,"130":1,"131":1,"132":1,"133":1,"134":1,"135":1,"138":1,"143":2,"144":2,"147":1,"154":2,"155":2,"158":1,"165":2,"166":2,"169":1,"176":2,"177":2,"180":1,"187":1,"188":1,"192":1,"193":1}},"/home/travis/build/npmtest/node-npmtest-github/lib.npmtest_github.js":{"path":"/home/travis/build/npmtest/node-npmtest-github/lib.npmtest_github.js","s":{"1":2,"2":2,"3":2,"4":2,"5":2,"6":2,"7":2,"8":1,"9":2,"10":2,"11":2,"12":2,"13":1,"14":1,"15":1,"16":1},"b":{"1":[2,1,1,1],"2":[1,1,1,1],"3":[1,1],"4":[2,2],"5":[1,1]},"f":{"1":2,"2":2,"3":2},"fnMap":{"1":{"name":"(anonymous_1)","line":12,"loc":{"start":{"line":12,"column":1},"end":{"line":12,"column":13}}},"2":{"name":"(anonymous_2)","line":19,"loc":{"start":{"line":19,"column":5},"end":{"line":19,"column":17}}},"3":{"name":"(anonymous_3)","line":23,"loc":{"start":{"line":23,"column":24},"end":{"line":23,"column":36}}}},"statementMap":{"1":{"start":{"line":12,"column":0},"end":{"line":53,"column":5}},"2":{"start":{"line":14,"column":4},"end":{"line":14,"column":14}},"3":{"start":{"line":19,"column":4},"end":{"line":52,"column":9}},"4":{"start":{"line":21,"column":8},"end":{"line":21,"column":19}},"5":{"start":{"line":23,"column":8},"end":{"line":35,"column":13}},"6":{"start":{"line":24,"column":12},"end":{"line":34,"column":13}},"7":{"start":{"line":25,"column":16},"end":{"line":28,"column":30}},"8":{"start":{"line":30,"column":16},"end":{"line":33,"column":27}},"9":{"start":{"line":37,"column":8},"end":{"line":39,"column":21}},"10":{"start":{"line":41,"column":8},"end":{"line":41,"column":54}},"11":{"start":{"line":43,"column":8},"end":{"line":43,"column":51}},"12":{"start":{"line":45,"column":8},"end":{"line":51,"column":9}},"13":{"start":{"line":46,"column":12},"end":{"line":46,"column":57}},"14":{"start":{"line":48,"column":12},"end":{"line":48,"column":35}},"15":{"start":{"line":49,"column":12},"end":{"line":49,"column":49}},"16":{"start":{"line":50,"column":12},"end":{"line":50,"column":43}}},"branchMap":{"1":{"line":25,"type":"binary-expr","locations":[{"start":{"line":25,"column":23},"end":{"line":25,"column":62}},{"start":{"line":26,"column":20},"end":{"line":26,"column":70}},{"start":{"line":27,"column":20},"end":{"line":27,"column":71}},{"start":{"line":28,"column":20},"end":{"line":28,"column":29}}]},"2":{"line":30,"type":"binary-expr","locations":[{"start":{"line":30,"column":23},"end":{"line":30,"column":37}},{"start":{"line":31,"column":20},"end":{"line":31,"column":61}},{"start":{"line":32,"column":20},"end":{"line":32,"column":70}},{"start":{"line":33,"column":20},"end":{"line":33,"column":26}}]},"3":{"line":37,"type":"cond-expr","locations":[{"start":{"line":38,"column":14},"end":{"line":38,"column":20}},{"start":{"line":39,"column":14},"end":{"line":39,"column":20}}]},"4":{"line":41,"type":"binary-expr","locations":[{"start":{"line":41,"column":16},"end":{"line":41,"column":44}},{"start":{"line":41,"column":48},"end":{"line":41,"column":53}}]},"5":{"line":45,"type":"if","locations":[{"start":{"line":45,"column":8},"end":{"line":45,"column":8}},{"start":{"line":45,"column":8},"end":{"line":45,"column":8}}]}},"code":["/* istanbul instrument in package npmtest_github */","/*jslint","    bitwise: true,","    browser: true,","    maxerr: 8,","    maxlen: 96,","    node: true,","    nomen: true,","    regexp: true,","    stupid: true","*/","(function () {","    'use strict';","    var local;","","","","    // run shared js-env code - pre-init","    (function () {","        // init local","        local = {};","        // init modeJs","        local.modeJs = (function () {","            try {","                return typeof navigator.userAgent === 'string' &&","                    typeof document.querySelector('body') === 'object' &&","                    typeof XMLHttpRequest.prototype.open === 'function' &&","                    'browser';","            } catch (errorCaughtBrowser) {","                return module.exports &&","                    typeof process.versions.node === 'string' &&","                    typeof require('http').createServer === 'function' &&","                    'node';","            }","        }());","        // init global","        local.global = local.modeJs === 'browser'","            ? window","            : global;","        // init utility2_rollup","        local = local.global.utility2_rollup || local;","        // init lib","        local.local = local.npmtest_github = local;","        // init exports","        if (local.modeJs === 'browser') {","            local.global.utility2_npmtest_github = local;","        } else {","            module.exports = local;","            module.exports.__dirname = __dirname;","            module.exports.module = module;","        }","    }());","}());",""],"l":{"12":2,"14":2,"19":2,"21":2,"23":2,"24":2,"25":2,"30":1,"37":2,"41":2,"43":2,"45":2,"46":1,"48":1,"49":1,"50":1}},"/home/travis/build/npmtest/node-npmtest-github/example.js":{"path":"/home/travis/build/npmtest/node-npmtest-github/example.js","s":{"1":2,"2":2,"3":2,"4":2,"5":2,"6":2,"7":2,"8":1,"9":2,"10":2,"11":2,"12":2,"13":1,"14":2,"15":2,"16":2,"17":2,"18":2,"19":0,"20":2,"21":1,"22":1,"23":1,"24":1,"25":1,"26":0,"27":0,"28":1,"29":1,"30":2,"31":0,"32":0,"33":0,"34":1,"35":2,"36":2,"37":3,"38":3,"39":3,"40":3,"41":0,"42":3,"43":3,"44":3,"45":1,"46":3,"47":1,"48":1,"49":1,"50":1,"51":1,"52":1,"53":1,"54":1,"55":1,"56":1,"57":0,"58":1,"59":6,"60":6,"61":1,"62":2,"63":0,"64":2,"65":1,"66":1,"67":0,"68":0,"69":0,"70":0,"71":0,"72":0,"73":0,"74":0,"75":0,"76":0,"77":0,"78":0,"79":0,"80":0,"81":0,"82":0,"83":0},"b":{"1":[2,1,1,1],"2":[1,1,1,1],"3":[1,1],"4":[2,2],"5":[1,1],"6":[1,1],"7":[2,0],"8":[2,1,1,1,1,1],"9":[0,2,0],"10":[1,1],"11":[2,1,1],"12":[1,0],"13":[0,2],"14":[2,0,0,0,0,0,0],"15":[0,3],"16":[3,0],"17":[1,1],"18":[0,1],"19":[1,2,0,2],"20":[1,0],"21":[1,1],"22":[0,0],"23":[0,0],"24":[0,0],"25":[0,0],"26":[0,0],"27":[0,0],"28":[0,0]},"f":{"1":2,"2":2,"3":2,"4":2,"5":2,"6":2,"7":3,"8":3,"9":3,"10":1,"11":6,"12":0},"fnMap":{"1":{"name":"(anonymous_1)","line":26,"loc":{"start":{"line":26,"column":1},"end":{"line":26,"column":13}}},"2":{"name":"(anonymous_2)","line":33,"loc":{"start":{"line":33,"column":5},"end":{"line":33,"column":17}}},"3":{"name":"(anonymous_3)","line":37,"loc":{"start":{"line":37,"column":24},"end":{"line":37,"column":36}}},"4":{"name":"(anonymous_4)","line":69,"loc":{"start":{"line":69,"column":31},"end":{"line":69,"column":48}},"skip":true},"5":{"name":"(anonymous_5)","line":78,"loc":{"start":{"line":78,"column":26},"end":{"line":78,"column":45}},"skip":true},"6":{"name":"(anonymous_6)","line":123,"loc":{"start":{"line":123,"column":33},"end":{"line":123,"column":48}},"skip":true},"7":{"name":"(anonymous_7)","line":125,"loc":{"start":{"line":125,"column":27},"end":{"line":125,"column":39}},"skip":true},"8":{"name":"(anonymous_8)","line":133,"loc":{"start":{"line":133,"column":59},"end":{"line":133,"column":74}},"skip":true},"9":{"name":"(anonymous_9)","line":143,"loc":{"start":{"line":143,"column":45},"end":{"line":143,"column":62}},"skip":true},"10":{"name":"(anonymous_10)","line":144,"loc":{"start":{"line":144,"column":73},"end":{"line":144,"column":92}},"skip":true},"11":{"name":"(anonymous_11)","line":272,"loc":{"start":{"line":272,"column":51},"end":{"line":272,"column":77}},"skip":true},"12":{"name":"(anonymous_12)","line":315,"loc":{"start":{"line":315,"column":32},"end":{"line":315,"column":61}},"skip":true}},"statementMap":{"1":{"start":{"line":26,"column":0},"end":{"line":326,"column":5}},"2":{"start":{"line":28,"column":4},"end":{"line":28,"column":14}},"3":{"start":{"line":33,"column":4},"end":{"line":60,"column":9}},"4":{"start":{"line":35,"column":8},"end":{"line":35,"column":19}},"5":{"start":{"line":37,"column":8},"end":{"line":49,"column":13}},"6":{"start":{"line":38,"column":12},"end":{"line":48,"column":13}},"7":{"start":{"line":39,"column":16},"end":{"line":42,"column":30}},"8":{"start":{"line":44,"column":16},"end":{"line":47,"column":27}},"9":{"start":{"line":51,"column":8},"end":{"line":53,"column":21}},"10":{"start":{"line":55,"column":8},"end":{"line":57,"column":45}},"11":{"start":{"line":59,"column":8},"end":{"line":59,"column":35}},"12":{"start":{"line":61,"column":4},"end":{"line":325,"column":5}},"13":{"start":{"line":69,"column":8},"end":{"line":121,"column":10},"skip":true},"14":{"start":{"line":70,"column":12},"end":{"line":88,"column":13},"skip":true},"15":{"start":{"line":76,"column":16},"end":{"line":87,"column":19},"skip":true},"16":{"start":{"line":79,"column":20},"end":{"line":86,"column":21},"skip":true},"17":{"start":{"line":82,"column":24},"end":{"line":82,"column":43},"skip":true},"18":{"start":{"line":83,"column":24},"end":{"line":83,"column":30},"skip":true},"19":{"start":{"line":85,"column":24},"end":{"line":85,"column":49},"skip":true},"20":{"start":{"line":89,"column":12},"end":{"line":107,"column":13},"skip":true},"21":{"start":{"line":92,"column":16},"end":{"line":102,"column":17},"skip":true},"22":{"start":{"line":93,"column":20},"end":{"line":93,"column":86},"skip":true},"23":{"start":{"line":94,"column":20},"end":{"line":95,"column":45},"skip":true},"24":{"start":{"line":96,"column":20},"end":{"line":96,"column":42},"skip":true},"25":{"start":{"line":97,"column":20},"end":{"line":97,"column":48},"skip":true},"26":{"start":{"line":100,"column":20},"end":{"line":100,"column":85},"skip":true},"27":{"start":{"line":101,"column":20},"end":{"line":101,"column":96},"skip":true},"28":{"start":{"line":103,"column":16},"end":{"line":103,"column":22},"skip":true},"29":{"start":{"line":106,"column":16},"end":{"line":106,"column":22},"skip":true},"30":{"start":{"line":108,"column":12},"end":{"line":120,"column":13},"skip":true},"31":{"start":{"line":114,"column":16},"end":{"line":119,"column":17},"skip":true},"32":{"start":{"line":116,"column":20},"end":{"line":116,"column":78},"skip":true},"33":{"start":{"line":118,"column":20},"end":{"line":118,"column":47},"skip":true},"34":{"start":{"line":123,"column":8},"end":{"line":141,"column":11},"skip":true},"35":{"start":{"line":124,"column":12},"end":{"line":124,"column":54},"skip":true},"36":{"start":{"line":125,"column":12},"end":{"line":140,"column":14},"skip":true},"37":{"start":{"line":126,"column":16},"end":{"line":126,"column":28},"skip":true},"38":{"start":{"line":127,"column":16},"end":{"line":127,"column":69},"skip":true},"39":{"start":{"line":128,"column":16},"end":{"line":128,"column":75},"skip":true},"40":{"start":{"line":129,"column":16},"end":{"line":131,"column":17},"skip":true},"41":{"start":{"line":130,"column":20},"end":{"line":130,"column":27},"skip":true},"42":{"start":{"line":133,"column":16},"end":{"line":137,"column":36},"skip":true},"43":{"start":{"line":134,"column":20},"end":{"line":136,"column":55},"skip":true},"44":{"start":{"line":139,"column":16},"end":{"line":139,"column":57},"skip":true},"45":{"start":{"line":143,"column":8},"end":{"line":147,"column":11},"skip":true},"46":{"start":{"line":144,"column":12},"end":{"line":146,"column":15},"skip":true},"47":{"start":{"line":145,"column":16},"end":{"line":145,"column":70},"skip":true},"48":{"start":{"line":149,"column":8},"end":{"line":149,"column":31},"skip":true},"49":{"start":{"line":150,"column":8},"end":{"line":150,"column":14},"skip":true},"50":{"start":{"line":158,"column":8},"end":{"line":158,"column":31},"skip":true},"51":{"start":{"line":160,"column":8},"end":{"line":160,"column":33},"skip":true},"52":{"start":{"line":161,"column":8},"end":{"line":161,"column":37},"skip":true},"53":{"start":{"line":162,"column":8},"end":{"line":162,"column":35},"skip":true},"54":{"start":{"line":164,"column":8},"end":{"line":164,"column":50},"skip":true},"55":{"start":{"line":166,"column":8},"end":{"line":256,"column":2},"skip":true},"56":{"start":{"line":258,"column":8},"end":{"line":286,"column":9},"skip":true},"57":{"start":{"line":259,"column":12},"end":{"line":269,"column":14},"skip":true},"58":{"start":{"line":271,"column":12},"end":{"line":285,"column":19},"skip":true},"59":{"start":{"line":274,"column":20},"end":{"line":274,"column":35},"skip":true},"60":{"start":{"line":275,"column":20},"end":{"line":284,"column":21},"skip":true},"61":{"start":{"line":277,"column":24},"end":{"line":277,"column":64},"skip":true},"62":{"start":{"line":279,"column":24},"end":{"line":279,"column":40},"skip":true},"63":{"start":{"line":281,"column":24},"end":{"line":281,"column":40},"skip":true},"64":{"start":{"line":283,"column":24},"end":{"line":283,"column":39},"skip":true},"65":{"start":{"line":288,"column":8},"end":{"line":290,"column":9},"skip":true},"66":{"start":{"line":289,"column":12},"end":{"line":289,"column":18},"skip":true},"67":{"start":{"line":291,"column":8},"end":{"line":293,"column":54},"skip":true},"68":{"start":{"line":296,"column":8},"end":{"line":301,"column":37},"skip":true},"69":{"start":{"line":303,"column":8},"end":{"line":303,"column":82},"skip":true},"70":{"start":{"line":306,"column":8},"end":{"line":308,"column":9},"skip":true},"71":{"start":{"line":307,"column":12},"end":{"line":307,"column":82},"skip":true},"72":{"start":{"line":310,"column":8},"end":{"line":312,"column":9},"skip":true},"73":{"start":{"line":311,"column":12},"end":{"line":311,"column":18},"skip":true},"74":{"start":{"line":313,"column":8},"end":{"line":313,"column":54},"skip":true},"75":{"start":{"line":314,"column":8},"end":{"line":314,"column":69},"skip":true},"76":{"start":{"line":315,"column":8},"end":{"line":323,"column":36},"skip":true},"77":{"start":{"line":316,"column":12},"end":{"line":316,"column":61},"skip":true},"78":{"start":{"line":317,"column":12},"end":{"line":320,"column":13},"skip":true},"79":{"start":{"line":318,"column":16},"end":{"line":318,"column":75},"skip":true},"80":{"start":{"line":319,"column":16},"end":{"line":319,"column":23},"skip":true},"81":{"start":{"line":321,"column":12},"end":{"line":321,"column":38},"skip":true},"82":{"start":{"line":322,"column":12},"end":{"line":322,"column":27},"skip":true},"83":{"start":{"line":324,"column":8},"end":{"line":324,"column":14},"skip":true}},"branchMap":{"1":{"line":39,"type":"binary-expr","locations":[{"start":{"line":39,"column":23},"end":{"line":39,"column":62}},{"start":{"line":40,"column":20},"end":{"line":40,"column":70}},{"start":{"line":41,"column":20},"end":{"line":41,"column":71}},{"start":{"line":42,"column":20},"end":{"line":42,"column":29}}]},"2":{"line":44,"type":"binary-expr","locations":[{"start":{"line":44,"column":23},"end":{"line":44,"column":37}},{"start":{"line":45,"column":20},"end":{"line":45,"column":61}},{"start":{"line":46,"column":20},"end":{"line":46,"column":70}},{"start":{"line":47,"column":20},"end":{"line":47,"column":26}}]},"3":{"line":51,"type":"cond-expr","locations":[{"start":{"line":52,"column":14},"end":{"line":52,"column":20}},{"start":{"line":53,"column":14},"end":{"line":53,"column":20}}]},"4":{"line":55,"type":"binary-expr","locations":[{"start":{"line":55,"column":16},"end":{"line":55,"column":44}},{"start":{"line":55,"column":49},"end":{"line":57,"column":43}}]},"5":{"line":55,"type":"cond-expr","locations":[{"start":{"line":56,"column":14},"end":{"line":56,"column":50}},{"start":{"line":57,"column":14},"end":{"line":57,"column":43}}]},"6":{"line":61,"type":"switch","locations":[{"start":{"line":68,"column":4},"end":{"line":150,"column":14},"skip":true},{"start":{"line":156,"column":4},"end":{"line":324,"column":14},"skip":true}]},"7":{"line":70,"type":"if","locations":[{"start":{"line":70,"column":12},"end":{"line":70,"column":12},"skip":true},{"start":{"line":70,"column":12},"end":{"line":70,"column":12},"skip":true}]},"8":{"line":70,"type":"binary-expr","locations":[{"start":{"line":70,"column":16},"end":{"line":70,"column":22},"skip":true},{"start":{"line":70,"column":27},"end":{"line":70,"column":32},"skip":true},{"start":{"line":71,"column":20},"end":{"line":71,"column":39},"skip":true},{"start":{"line":72,"column":20},"end":{"line":72,"column":49},"skip":true},{"start":{"line":73,"column":20},"end":{"line":73,"column":58},"skip":true},{"start":{"line":74,"column":20},"end":{"line":74,"column":69},"skip":true}]},"9":{"line":79,"type":"switch","locations":[{"start":{"line":80,"column":20},"end":{"line":80,"column":33},"skip":true},{"start":{"line":81,"column":20},"end":{"line":83,"column":30},"skip":true},{"start":{"line":84,"column":20},"end":{"line":85,"column":49},"skip":true}]},"10":{"line":89,"type":"switch","locations":[{"start":{"line":90,"column":12},"end":{"line":103,"column":22},"skip":true},{"start":{"line":105,"column":12},"end":{"line":106,"column":22},"skip":true}]},"11":{"line":89,"type":"binary-expr","locations":[{"start":{"line":89,"column":20},"end":{"line":89,"column":25},"skip":true},{"start":{"line":89,"column":29},"end":{"line":89,"column":48},"skip":true},{"start":{"line":89,"column":52},"end":{"line":89,"column":74},"skip":true}]},"12":{"line":92,"type":"if","locations":[{"start":{"line":92,"column":16},"end":{"line":92,"column":16},"skip":true},{"start":{"line":92,"column":16},"end":{"line":92,"column":16},"skip":true}]},"13":{"line":108,"type":"if","locations":[{"start":{"line":108,"column":12},"end":{"line":108,"column":12},"skip":true},{"start":{"line":108,"column":12},"end":{"line":108,"column":12},"skip":true}]},"14":{"line":108,"type":"binary-expr","locations":[{"start":{"line":108,"column":16},"end":{"line":108,"column":61},"skip":true},{"start":{"line":108,"column":66},"end":{"line":108,"column":72},"skip":true},{"start":{"line":108,"column":77},"end":{"line":108,"column":82},"skip":true},{"start":{"line":109,"column":20},"end":{"line":109,"column":39},"skip":true},{"start":{"line":110,"column":20},"end":{"line":110,"column":49},"skip":true},{"start":{"line":111,"column":20},"end":{"line":111,"column":58},"skip":true},{"start":{"line":112,"column":20},"end":{"line":112,"column":68},"skip":true}]},"15":{"line":129,"type":"if","locations":[{"start":{"line":129,"column":16},"end":{"line":129,"column":16},"skip":true},{"start":{"line":129,"column":16},"end":{"line":129,"column":16},"skip":true}]},"16":{"line":134,"type":"cond-expr","locations":[{"start":{"line":135,"column":26},"end":{"line":135,"column":29},"skip":true},{"start":{"line":136,"column":26},"end":{"line":136,"column":54},"skip":true}]},"17":{"line":164,"type":"binary-expr","locations":[{"start":{"line":164,"column":27},"end":{"line":164,"column":43},"skip":true},{"start":{"line":164,"column":47},"end":{"line":164,"column":49},"skip":true}]},"18":{"line":258,"type":"if","locations":[{"start":{"line":258,"column":8},"end":{"line":258,"column":8},"skip":true},{"start":{"line":258,"column":8},"end":{"line":258,"column":8},"skip":true}]},"19":{"line":275,"type":"switch","locations":[{"start":{"line":276,"column":20},"end":{"line":277,"column":64},"skip":true},{"start":{"line":278,"column":20},"end":{"line":279,"column":40},"skip":true},{"start":{"line":280,"column":20},"end":{"line":281,"column":40},"skip":true},{"start":{"line":282,"column":20},"end":{"line":283,"column":39},"skip":true}]},"20":{"line":288,"type":"if","locations":[{"start":{"line":288,"column":8},"end":{"line":288,"column":8},"skip":true},{"start":{"line":288,"column":8},"end":{"line":288,"column":8},"skip":true}]},"21":{"line":288,"type":"binary-expr","locations":[{"start":{"line":288,"column":12},"end":{"line":288,"column":40},"skip":true},{"start":{"line":288,"column":44},"end":{"line":288,"column":67},"skip":true}]},"22":{"line":292,"type":"binary-expr","locations":[{"start":{"line":292,"column":12},"end":{"line":292,"column":50},"skip":true},{"start":{"line":293,"column":12},"end":{"line":293,"column":53},"skip":true}]},"23":{"line":297,"type":"binary-expr","locations":[{"start":{"line":297,"column":12},"end":{"line":297,"column":64},"skip":true},{"start":{"line":298,"column":12},"end":{"line":301,"column":36},"skip":true}]},"24":{"line":303,"type":"binary-expr","locations":[{"start":{"line":303,"column":43},"end":{"line":303,"column":75},"skip":true},{"start":{"line":303,"column":79},"end":{"line":303,"column":81},"skip":true}]},"25":{"line":306,"type":"if","locations":[{"start":{"line":306,"column":8},"end":{"line":306,"column":8},"skip":true},{"start":{"line":306,"column":8},"end":{"line":306,"column":8},"skip":true}]},"26":{"line":310,"type":"if","locations":[{"start":{"line":310,"column":8},"end":{"line":310,"column":8},"skip":true},{"start":{"line":310,"column":8},"end":{"line":310,"column":8},"skip":true}]},"27":{"line":313,"type":"binary-expr","locations":[{"start":{"line":313,"column":27},"end":{"line":313,"column":43},"skip":true},{"start":{"line":313,"column":47},"end":{"line":313,"column":53},"skip":true}]},"28":{"line":317,"type":"if","locations":[{"start":{"line":317,"column":12},"end":{"line":317,"column":12},"skip":true},{"start":{"line":317,"column":12},"end":{"line":317,"column":12},"skip":true}]}},"code":["/*","example.js","","quickstart example","","instruction","    1. save this script as example.js","    2. run the shell command:","        $ npm install npmtest-github && PORT=8081 node example.js","    3. play with the browser-demo on http://127.0.0.1:8081","*/","","","","/* istanbul instrument in package npmtest_github */","/*jslint","    bitwise: true,","    browser: true,","    maxerr: 8,","    maxlen: 96,","    node: true,","    nomen: true,","    regexp: true,","    stupid: true","*/","(function () {","    'use strict';","    var local;","","","","    // run shared js-env code - pre-init","    (function () {","        // init local","        local = {};","        // init modeJs","        local.modeJs = (function () {","            try {","                return typeof navigator.userAgent === 'string' &&","                    typeof document.querySelector('body') === 'object' &&","                    typeof XMLHttpRequest.prototype.open === 'function' &&","                    'browser';","            } catch (errorCaughtBrowser) {","                return module.exports &&","                    typeof process.versions.node === 'string' &&","                    typeof require('http').createServer === 'function' &&","                    'node';","            }","        }());","        // init global","        local.global = local.modeJs === 'browser'","            ? window","            : global;","        // init utility2_rollup","        local = local.global.utility2_rollup || (local.modeJs === 'browser'","            ? local.global.utility2_npmtest_github","            : global.utility2_moduleExports);","        // export local","        local.global.local = local;","    }());","    switch (local.modeJs) {","","","","    // post-init","    // run browser js-env code - post-init","    /* istanbul ignore next */","    case 'browser':","        local.testRunBrowser = function (event) {","            if (!event || (event &&","                    event.currentTarget &&","                    event.currentTarget.className &&","                    event.currentTarget.className.includes &&","                    event.currentTarget.className.includes('onreset'))) {","                // reset output","                Array.from(","                    document.querySelectorAll('body > .resettable')","                ).forEach(function (element) {","                    switch (element.tagName) {","                    case 'INPUT':","                    case 'TEXTAREA':","                        element.value = '';","                        break;","                    default:","                        element.textContent = '';","                    }","                });","            }","            switch (event && event.currentTarget && event.currentTarget.id) {","            case 'testRunButton1':","                // show tests","                if (document.querySelector('#testReportDiv1').style.display === 'none') {","                    document.querySelector('#testReportDiv1').style.display = 'block';","                    document.querySelector('#testRunButton1').textContent =","                        'hide internal test';","                    local.modeTest = true;","                    local.testRunDefault(local);","                // hide tests","                } else {","                    document.querySelector('#testReportDiv1').style.display = 'none';","                    document.querySelector('#testRunButton1').textContent = 'run internal test';","                }","                break;","            // custom-case","            default:","                break;","            }","            if (document.querySelector('#inputTextareaEval1') && (!event || (event &&","                    event.currentTarget &&","                    event.currentTarget.className &&","                    event.currentTarget.className.includes &&","                    event.currentTarget.className.includes('oneval')))) {","                // try to eval input-code","                try {","                    /*jslint evil: true*/","                    eval(document.querySelector('#inputTextareaEval1').value);","                } catch (errorCaught) {","                    console.error(errorCaught);","                }","            }","        };","        // log stderr and stdout to #outputTextareaStdout1","        ['error', 'log'].forEach(function (key) {","            console[key + '_original'] = console[key];","            console[key] = function () {","                var element;","                console[key + '_original'].apply(console, arguments);","                element = document.querySelector('#outputTextareaStdout1');","                if (!element) {","                    return;","                }","                // append text to #outputTextareaStdout1","                element.value += Array.from(arguments).map(function (arg) {","                    return typeof arg === 'string'","                        ? arg","                        : JSON.stringify(arg, null, 4);","                }).join(' ') + '\\n';","                // scroll textarea to bottom","                element.scrollTop = element.scrollHeight;","            };","        });","        // init event-handling","        ['change', 'click', 'keyup'].forEach(function (event) {","            Array.from(document.querySelectorAll('.on' + event)).forEach(function (element) {","                element.addEventListener(event, local.testRunBrowser);","            });","        });","        // run tests","        local.testRunBrowser();","        break;","","","","    // run node js-env code - post-init","    /* istanbul ignore next */","    case 'node':","        // export local","        module.exports = local;","        // require modules","        local.fs = require('fs');","        local.http = require('http');","        local.url = require('url');","        // init assets","        local.assetsDict = local.assetsDict || {};","        /* jslint-ignore-begin */","        local.assetsDict['/assets.index.template.html'] = '\\","<!doctype html>\\n\\","<html lang=\"en\">\\n\\","<head>\\n\\","<meta charset=\"UTF-8\">\\n\\","<meta name=\"viewport\" content=\"width=device-width, initial-scale=1\">\\n\\","<title>{{env.npm_package_name}} (v{{env.npm_package_version}})</title>\\n\\","<style>\\n\\","/*csslint\\n\\","    box-sizing: false,\\n\\","    universal-selector: false\\n\\","*/\\n\\","* {\\n\\","    box-sizing: border-box;\\n\\","}\\n\\","body {\\n\\","    background: #dde;\\n\\","    font-family: Arial, Helvetica, sans-serif;\\n\\","    margin: 2rem;\\n\\","}\\n\\","body > * {\\n\\","    margin-bottom: 1rem;\\n\\","}\\n\\",".utility2FooterDiv {\\n\\","    margin-top: 20px;\\n\\","    text-align: center;\\n\\","}\\n\\","</style>\\n\\","<style>\\n\\","/*csslint\\n\\","*/\\n\\","textarea {\\n\\","    font-family: monospace;\\n\\","    height: 10rem;\\n\\","    width: 100%;\\n\\","}\\n\\","textarea[readonly] {\\n\\","    background: #ddd;\\n\\","}\\n\\","</style>\\n\\","</head>\\n\\","<body>\\n\\","<!-- utility2-comment\\n\\","<div id=\"ajaxProgressDiv1\" style=\"background: #d00; height: 2px; left: 0; margin: 0; padding: 0; position: fixed; top: 0; transition: background 0.5s, width 1.5s; width: 25%;\"></div>\\n\\","utility2-comment -->\\n\\","<h1>\\n\\","<!-- utility2-comment\\n\\","    <a\\n\\","        {{#if env.npm_package_homepage}}\\n\\","        href=\"{{env.npm_package_homepage}}\"\\n\\","        {{/if env.npm_package_homepage}}\\n\\","        target=\"_blank\"\\n\\","    >\\n\\","utility2-comment -->\\n\\","        {{env.npm_package_name}} (v{{env.npm_package_version}})\\n\\","<!-- utility2-comment\\n\\","    </a>\\n\\","utility2-comment -->\\n\\","</h1>\\n\\","<h3>{{env.npm_package_description}}</h3>\\n\\","<!-- utility2-comment\\n\\","<h4><a download href=\"assets.app.js\">download standalone app</a></h4>\\n\\","<button class=\"onclick onreset\" id=\"testRunButton1\">run internal test</button><br>\\n\\","<div id=\"testReportDiv1\" style=\"display: none;\"></div>\\n\\","utility2-comment -->\\n\\","\\n\\","\\n\\","\\n\\","<label>stderr and stdout</label>\\n\\","<textarea class=\"resettable\" id=\"outputTextareaStdout1\" readonly></textarea>\\n\\","<!-- utility2-comment\\n\\","{{#if isRollup}}\\n\\","<script src=\"assets.app.js\"></script>\\n\\","{{#unless isRollup}}\\n\\","utility2-comment -->\\n\\","<script src=\"assets.utility2.rollup.js\"></script>\\n\\","<script src=\"jsonp.utility2._stateInit?callback=window.utility2._stateInit\"></script>\\n\\","<script src=\"assets.npmtest_github.rollup.js\"></script>\\n\\","<script src=\"assets.example.js\"></script>\\n\\","<script src=\"assets.test.js\"></script>\\n\\","<!-- utility2-comment\\n\\","{{/if isRollup}}\\n\\","utility2-comment -->\\n\\","<div class=\"utility2FooterDiv\">\\n\\","    [ this app was created with\\n\\","    <a href=\"https://github.com/kaizhu256/node-utility2\" target=\"_blank\">utility2</a>\\n\\","    ]\\n\\","</div>\\n\\","</body>\\n\\","</html>\\n\\","';","        /* jslint-ignore-end */","        if (local.templateRender) {","            local.assetsDict['/'] = local.templateRender(","                local.assetsDict['/assets.index.template.html'],","                {","                    env: local.objectSetDefault(local.env, {","                        npm_package_description: 'the greatest app in the world!',","                        npm_package_name: 'my-app',","                        npm_package_nameAlias: 'my_app',","                        npm_package_version: '0.0.1'","                    })","                }","            );","        } else {","            local.assetsDict['/'] = local.assetsDict['/assets.index.template.html']","                .replace((/\\{\\{env\\.(\\w+?)\\}\\}/g), function (match0, match1) {","                    // jslint-hack","                    String(match0);","                    switch (match1) {","                    case 'npm_package_description':","                        return 'the greatest app in the world!';","                    case 'npm_package_name':","                        return 'my-app';","                    case 'npm_package_nameAlias':","                        return 'my_app';","                    case 'npm_package_version':","                        return '0.0.1';","                    }","                });","        }","        // run the cli","        if (local.global.utility2_rollup || module !== require.main) {","            break;","        }","        local.assetsDict['/assets.example.js'] =","            local.assetsDict['/assets.example.js'] ||","            local.fs.readFileSync(__filename, 'utf8');","        // bug-workaround - long $npm_package_buildCustomOrg","        /* jslint-ignore-begin */","        local.assetsDict['/assets.npmtest_github.rollup.js'] =","            local.assetsDict['/assets.npmtest_github.rollup.js'] ||","            local.fs.readFileSync(","                local.npmtest_github.__dirname + '/lib.npmtest_github.js',","                'utf8'","            ).replace((/^#!/), '//');","        /* jslint-ignore-end */","        local.assetsDict['/favicon.ico'] = local.assetsDict['/favicon.ico'] || '';","        // if $npm_config_timeout_exit exists,","        // then exit this process after $npm_config_timeout_exit ms","        if (Number(process.env.npm_config_timeout_exit)) {","            setTimeout(process.exit, Number(process.env.npm_config_timeout_exit));","        }","        // start server","        if (local.global.utility2_serverHttp1) {","            break;","        }","        process.env.PORT = process.env.PORT || '8081';","        console.error('server starting on port ' + process.env.PORT);","        local.http.createServer(function (request, response) {","            request.urlParsed = local.url.parse(request.url);","            if (local.assetsDict[request.urlParsed.pathname] !== undefined) {","                response.end(local.assetsDict[request.urlParsed.pathname]);","                return;","            }","            response.statusCode = 404;","            response.end();","        }).listen(process.env.PORT);","        break;","    }","}());",""],"l":{"26":2,"28":2,"33":2,"35":2,"37":2,"38":2,"39":2,"44":1,"51":2,"55":2,"59":2,"61":2,"69":1,"70":2,"76":2,"79":2,"82":2,"83":2,"85":1,"89":2,"92":1,"93":1,"94":1,"96":1,"97":1,"100":1,"101":1,"103":1,"106":1,"108":2,"114":1,"116":1,"118":1,"123":1,"124":2,"125":2,"126":3,"127":3,"128":3,"129":3,"130":1,"133":3,"134":3,"139":3,"143":1,"144":3,"145":1,"149":1,"150":1,"158":1,"160":1,"161":1,"162":1,"164":1,"166":1,"258":1,"259":1,"271":1,"274":6,"275":6,"277":1,"279":2,"281":1,"283":2,"288":1,"289":1,"291":1,"296":1,"303":1,"306":1,"307":1,"310":1,"311":1,"313":1,"314":1,"315":1,"316":1,"317":1,"318":1,"319":1,"321":1,"322":1,"324":1}},"/home/travis/build/npmtest/node-npmtest-github/node_modules/github/lib/index.js":{"path":"/home/travis/build/npmtest/node-npmtest-github/node_modules/github/lib/index.js","s":{"1":1,"2":1,"3":1,"4":1,"5":1,"6":1,"7":1,"8":1,"9":1,"10":0,"11":0,"12":0,"13":0,"14":0,"15":0,"16":0,"17":0,"18":0,"19":0,"20":0,"21":0,"22":0,"23":0,"24":0,"25":0,"26":0,"27":0,"28":0,"29":1,"30":1,"31":0,"32":0,"33":0,"34":0,"35":0,"36":0,"37":0,"38":0,"39":0,"40":1,"41":0,"42":0,"43":0,"44":1,"45":0,"46":0,"47":0,"48":0,"49":0,"50":0,"51":0,"52":0,"53":0,"54":0,"55":0,"56":0,"57":0,"58":0,"59":0,"60":0,"61":0,"62":0,"63":0,"64":0,"65":0,"66":0,"67":0,"68":0,"69":0,"70":0,"71":0,"72":0,"73":0,"74":0,"75":0,"76":0,"77":0,"78":0,"79":0,"80":0,"81":0,"82":1,"83":0,"84":0,"85":0,"86":0,"87":0,"88":0,"89":0,"90":0,"91":0,"92":0,"93":0,"94":0,"95":0,"96":0,"97":0,"98":0,"99":0,"100":0,"101":0,"102":0,"103":0,"104":0,"105":0,"106":0,"107":0,"108":0,"109":0,"110":0,"111":0,"112":0,"113":0,"114":0,"115":0,"116":0,"117":0,"118":0,"119":0,"120":0,"121":1,"122":0,"123":0,"124":0,"125":0,"126":0,"127":0,"128":0,"129":0,"130":0,"131":0,"132":0,"133":0,"134":0,"135":1,"136":0,"137":0,"138":0,"139":0,"140":0,"141":0,"142":0,"143":0,"144":1,"145":0,"146":1,"147":0,"148":1,"149":0,"150":1,"151":0,"152":1,"153":0,"154":0,"155":0,"156":0,"157":0,"158":0,"159":0,"160":0,"161":0,"162":0,"163":0,"164":0,"165":0,"166":0,"167":0,"168":0,"169":0,"170":0,"171":0,"172":0,"173":1,"174":0,"175":0,"176":0,"177":0,"178":0,"179":1,"180":0,"181":0,"182":0,"183":0,"184":0,"185":1,"186":0,"187":0,"188":0,"189":0,"190":0,"191":1,"192":0,"193":0,"194":0,"195":0,"196":0,"197":1,"198":0,"199":0,"200":0,"201":0,"202":0,"203":0,"204":1,"205":0,"206":0,"207":0,"208":1,"209":0,"210":0,"211":0,"212":0,"213":0,"214":0,"215":0,"216":0,"217":0,"218":0,"219":0,"220":0,"221":0,"222":0,"223":0,"224":0,"225":0,"226":0,"227":0,"228":0,"229":0,"230":0,"231":0,"232":0,"233":0,"234":0,"235":0,"236":0,"237":0,"238":0,"239":0,"240":0,"241":0,"242":0,"243":0,"244":0,"245":0,"246":1,"247":0,"248":0,"249":0,"250":0,"251":0,"252":0,"253":0,"254":0,"255":0,"256":0,"257":0,"258":0,"259":0,"260":0,"261":0,"262":0,"263":0,"264":0,"265":0,"266":0,"267":0,"268":0,"269":0,"270":0,"271":0,"272":0,"273":0,"274":0,"275":0,"276":0,"277":0,"278":0,"279":0,"280":0,"281":0,"282":0,"283":0,"284":0,"285":0,"286":0,"287":0,"288":0,"289":0,"290":0,"291":0,"292":0,"293":0,"294":0,"295":0,"296":0,"297":0,"298":0,"299":0,"300":0,"301":1,"302":0,"303":0,"304":0,"305":0,"306":1,"307":0,"308":0,"309":0,"310":0,"311":0,"312":0,"313":0,"314":0,"315":0,"316":0,"317":0,"318":0,"319":0,"320":0,"321":0,"322":0,"323":0,"324":1,"325":0,"326":0,"327":0,"328":0,"329":0,"330":0,"331":0,"332":0,"333":0,"334":0,"335":0,"336":0,"337":0,"338":0,"339":0,"340":0,"341":0,"342":0,"343":0,"344":0,"345":0,"346":0,"347":0,"348":0,"349":0,"350":0,"351":0,"352":0,"353":0,"354":0,"355":0,"356":0,"357":0,"358":0,"359":0,"360":0,"361":0,"362":0,"363":0,"364":0,"365":0,"366":0,"367":0,"368":0,"369":1,"370":0,"371":0,"372":0,"373":0,"374":0,"375":0,"376":1,"377":0,"378":0,"379":0,"380":0,"381":0,"382":0,"383":0,"384":0,"385":0,"386":0,"387":0,"388":0,"389":0,"390":0,"391":0,"392":0,"393":0,"394":0,"395":0,"396":0,"397":0,"398":0},"b":{"1":[0,0],"2":[0,0],"3":[0,0],"4":[0,0,0],"5":[0,0],"6":[0,0],"7":[0,0],"8":[0,0],"9":[0,0],"10":[0,0],"11":[0,0],"12":[0,0,0,0,0],"13":[0,0],"14":[0,0],"15":[0,0],"16":[0,0],"17":[0,0],"18":[0,0],"19":[0,0],"20":[0,0],"21":[0,0],"22":[0,0],"23":[0,0],"24":[0,0],"25":[0,0],"26":[0,0],"27":[0,0],"28":[0,0],"29":[0,0],"30":[0,0],"31":[0,0],"32":[0,0],"33":[0,0],"34":[0,0],"35":[0,0],"36":[0,0],"37":[0,0],"38":[0,0,0],"39":[0,0],"40":[0,0],"41":[0,0],"42":[0,0],"43":[0,0],"44":[0,0,0],"45":[0,0],"46":[0,0,0],"47":[0,0],"48":[0,0],"49":[0,0],"50":[0,0],"51":[0,0],"52":[0,0],"53":[0,0],"54":[0,0],"55":[0,0],"56":[0,0],"57":[0,0],"58":[0,0],"59":[0,0],"60":[0,0],"61":[0,0],"62":[0,0,0],"63":[0,0],"64":[0,0],"65":[0,0],"66":[0,0],"67":[0,0],"68":[0,0],"69":[0,0],"70":[0,0],"71":[0,0],"72":[0,0],"73":[0,0],"74":[0,0],"75":[0,0],"76":[0,0],"77":[0,0],"78":[0,0],"79":[0,0],"80":[0,0],"81":[0,0],"82":[0,0],"83":[0,0],"84":[0,0],"85":[0,0],"86":[0,0,0],"87":[0,0,0],"88":[0,0],"89":[0,0],"90":[0,0,0],"91":[0,0],"92":[0,0,0,0],"93":[0,0],"94":[0,0],"95":[0,0],"96":[0,0],"97":[0,0],"98":[0,0],"99":[0,0],"100":[0,0],"101":[0,0],"102":[0,0],"103":[0,0],"104":[0,0],"105":[0,0,0,0,0,0],"106":[0,0],"107":[0,0],"108":[0,0],"109":[0,0],"110":[0,0],"111":[0,0],"112":[0,0],"113":[0,0],"114":[0,0],"115":[0,0,0],"116":[0,0],"117":[0,0],"118":[0,0],"119":[0,0],"120":[0,0],"121":[0,0],"122":[0,0,0],"123":[0,0],"124":[0,0],"125":[0,0],"126":[0,0],"127":[0,0],"128":[0,0],"129":[0,0],"130":[0,0],"131":[0,0],"132":[0,0],"133":[0,0],"134":[0,0],"135":[0,0],"136":[0,0],"137":[0,0],"138":[0,0],"139":[0,0],"140":[0,0],"141":[0,0],"142":[0,0],"143":[0,0],"144":[0,0]},"f":{"1":0,"2":1,"3":0,"4":0,"5":0,"6":0,"7":0,"8":0,"9":0,"10":0,"11":0,"12":0,"13":0,"14":0,"15":0,"16":0,"17":0,"18":0,"19":0,"20":0,"21":0,"22":0,"23":0,"24":0,"25":0,"26":0,"27":0,"28":0,"29":0,"30":0,"31":0,"32":0,"33":0,"34":0,"35":0,"36":0,"37":0,"38":0,"39":0,"40":0,"41":0,"42":0,"43":0,"44":0,"45":0,"46":0,"47":0,"48":0},"fnMap":{"1":{"name":"(anonymous_1)","line":74,"loc":{"start":{"line":74,"column":30},"end":{"line":74,"column":47}}},"2":{"name":"(anonymous_2)","line":109,"loc":{"start":{"line":109,"column":1},"end":{"line":109,"column":12}}},"3":{"name":"(anonymous_3)","line":137,"loc":{"start":{"line":137,"column":23},"end":{"line":137,"column":34}}},"4":{"name":"(anonymous_4)","line":142,"loc":{"start":{"line":142,"column":61},"end":{"line":142,"column":78}}},"5":{"name":"(anonymous_5)","line":145,"loc":{"start":{"line":145,"column":63},"end":{"line":145,"column":80}}},"6":{"name":"trim","line":150,"loc":{"start":{"line":150,"column":8},"end":{"line":150,"column":25}}},"7":{"name":"parseParams","line":157,"loc":{"start":{"line":157,"column":8},"end":{"line":157,"column":48}}},"8":{"name":"prepareApi","line":227,"loc":{"start":{"line":227,"column":8},"end":{"line":227,"column":46}}},"9":{"name":"(anonymous_9)","line":231,"loc":{"start":{"line":231,"column":40},"end":{"line":231,"column":60}}},"10":{"name":"(anonymous_10)","line":249,"loc":{"start":{"line":249,"column":76},"end":{"line":249,"column":87}}},"11":{"name":"(anonymous_11)","line":254,"loc":{"start":{"line":254,"column":46},"end":{"line":254,"column":70}}},"12":{"name":"(anonymous_12)","line":275,"loc":{"start":{"line":275,"column":56},"end":{"line":275,"column":81}}},"13":{"name":"(anonymous_13)","line":276,"loc":{"start":{"line":276,"column":45},"end":{"line":276,"column":64}}},"14":{"name":"(anonymous_14)","line":346,"loc":{"start":{"line":346,"column":24},"end":{"line":346,"column":42}}},"15":{"name":"getPageLinks","line":369,"loc":{"start":{"line":369,"column":4},"end":{"line":369,"column":32}}},"16":{"name":"(anonymous_16)","line":381,"loc":{"start":{"line":381,"column":53},"end":{"line":381,"column":76}}},"17":{"name":"(anonymous_17)","line":393,"loc":{"start":{"line":393,"column":23},"end":{"line":393,"column":38}}},"18":{"name":"(anonymous_18)","line":403,"loc":{"start":{"line":403,"column":27},"end":{"line":403,"column":42}}},"19":{"name":"(anonymous_19)","line":413,"loc":{"start":{"line":413,"column":23},"end":{"line":413,"column":38}}},"20":{"name":"(anonymous_20)","line":423,"loc":{"start":{"line":423,"column":24},"end":{"line":423,"column":39}}},"21":{"name":"getPage","line":427,"loc":{"start":{"line":427,"column":4},"end":{"line":427,"column":53}}},"22":{"name":"(anonymous_22)","line":450,"loc":{"start":{"line":450,"column":40},"end":{"line":450,"column":65}}},"23":{"name":"(anonymous_23)","line":451,"loc":{"start":{"line":451,"column":29},"end":{"line":451,"column":48}}},"24":{"name":"(anonymous_24)","line":476,"loc":{"start":{"line":476,"column":23},"end":{"line":476,"column":57}}},"25":{"name":"(anonymous_25)","line":493,"loc":{"start":{"line":493,"column":27},"end":{"line":493,"column":61}}},"26":{"name":"(anonymous_26)","line":510,"loc":{"start":{"line":510,"column":23},"end":{"line":510,"column":57}}},"27":{"name":"(anonymous_27)","line":527,"loc":{"start":{"line":527,"column":24},"end":{"line":527,"column":58}}},"28":{"name":"applyAcceptHeader","line":536,"loc":{"start":{"line":536,"column":4},"end":{"line":536,"column":45}}},"29":{"name":"getRequestFormat","line":546,"loc":{"start":{"line":546,"column":4},"end":{"line":546,"column":46}}},"30":{"name":"getQueryAndUrl","line":553,"loc":{"start":{"line":553,"column":4},"end":{"line":553,"column":54}}},"31":{"name":"(anonymous_31)","line":566,"loc":{"start":{"line":566,"column":40},"end":{"line":566,"column":60}}},"32":{"name":"(anonymous_32)","line":587,"loc":{"start":{"line":587,"column":45},"end":{"line":587,"column":60}}},"33":{"name":"(anonymous_33)","line":631,"loc":{"start":{"line":631,"column":20},"end":{"line":631,"column":51}}},"34":{"name":"callCallback","line":724,"loc":{"start":{"line":724,"column":8},"end":{"line":724,"column":43}}},"35":{"name":"addCustomHeaders","line":732,"loc":{"start":{"line":732,"column":8},"end":{"line":732,"column":49}}},"36":{"name":"(anonymous_36)","line":733,"loc":{"start":{"line":733,"column":47},"end":{"line":733,"column":64}}},"37":{"name":"httpSendRequest","line":772,"loc":{"start":{"line":772,"column":8},"end":{"line":772,"column":35}}},"38":{"name":"(anonymous_38)","line":774,"loc":{"start":{"line":774,"column":58},"end":{"line":774,"column":72}}},"39":{"name":"(anonymous_39)","line":781,"loc":{"start":{"line":781,"column":31},"end":{"line":781,"column":47}}},"40":{"name":"(anonymous_40)","line":784,"loc":{"start":{"line":784,"column":32},"end":{"line":784,"column":46}}},"41":{"name":"(anonymous_41)","line":787,"loc":{"start":{"line":787,"column":30},"end":{"line":787,"column":41}}},"42":{"name":"(anonymous_42)","line":802,"loc":{"start":{"line":802,"column":28},"end":{"line":802,"column":40}}},"43":{"name":"(anonymous_43)","line":809,"loc":{"start":{"line":809,"column":30},"end":{"line":809,"column":41}}},"44":{"name":"(anonymous_44)","line":834,"loc":{"start":{"line":834,"column":34},"end":{"line":834,"column":54}}},"45":{"name":"(anonymous_45)","line":848,"loc":{"start":{"line":848,"column":21},"end":{"line":848,"column":57}}},"46":{"name":"(anonymous_46)","line":860,"loc":{"start":{"line":860,"column":19},"end":{"line":860,"column":50}}},"47":{"name":"(anonymous_47)","line":862,"loc":{"start":{"line":862,"column":34},"end":{"line":862,"column":53}}},"48":{"name":"(anonymous_48)","line":887,"loc":{"start":{"line":887,"column":41},"end":{"line":887,"column":58}}}},"statementMap":{"1":{"start":{"line":3,"column":0},"end":{"line":3,"column":31}},"2":{"start":{"line":4,"column":0},"end":{"line":4,"column":23}},"3":{"start":{"line":5,"column":0},"end":{"line":5,"column":51}},"4":{"start":{"line":6,"column":0},"end":{"line":6,"column":27}},"5":{"start":{"line":7,"column":0},"end":{"line":7,"column":29}},"6":{"start":{"line":8,"column":0},"end":{"line":8,"column":29}},"7":{"start":{"line":9,"column":0},"end":{"line":9,"column":25}},"8":{"start":{"line":10,"column":0},"end":{"line":10,"column":35}},"9":{"start":{"line":74,"column":0},"end":{"line":107,"column":2}},"10":{"start":{"line":75,"column":4},"end":{"line":77,"column":5}},"11":{"start":{"line":76,"column":8},"end":{"line":76,"column":34}},"12":{"start":{"line":79,"column":4},"end":{"line":79,"column":25}},"13":{"start":{"line":80,"column":4},"end":{"line":80,"column":42}},"14":{"start":{"line":81,"column":4},"end":{"line":81,"column":25}},"15":{"start":{"line":82,"column":4},"end":{"line":82,"column":43}},"16":{"start":{"line":83,"column":4},"end":{"line":83,"column":63}},"17":{"start":{"line":85,"column":4},"end":{"line":85,"column":82}},"18":{"start":{"line":87,"column":4},"end":{"line":87,"column":24}},"19":{"start":{"line":89,"column":4},"end":{"line":92,"column":5}},"20":{"start":{"line":90,"column":8},"end":{"line":90,"column":77}},"21":{"start":{"line":91,"column":8},"end":{"line":91,"column":44}},"22":{"start":{"line":95,"column":4},"end":{"line":95,"column":52}},"23":{"start":{"line":96,"column":4},"end":{"line":96,"column":24}},"24":{"start":{"line":98,"column":4},"end":{"line":102,"column":5}},"25":{"start":{"line":99,"column":8},"end":{"line":101,"column":9}},"26":{"start":{"line":100,"column":12},"end":{"line":100,"column":58}},"27":{"start":{"line":104,"column":4},"end":{"line":104,"column":33}},"28":{"start":{"line":106,"column":4},"end":{"line":106,"column":23}},"29":{"start":{"line":109,"column":0},"end":{"line":898,"column":26}},"30":{"start":{"line":137,"column":4},"end":{"line":300,"column":6}},"31":{"start":{"line":138,"column":8},"end":{"line":138,"column":24}},"32":{"start":{"line":139,"column":8},"end":{"line":139,"column":33}},"33":{"start":{"line":140,"column":8},"end":{"line":140,"column":37}},"34":{"start":{"line":141,"column":8},"end":{"line":141,"column":43}},"35":{"start":{"line":142,"column":8},"end":{"line":144,"column":11}},"36":{"start":{"line":143,"column":12},"end":{"line":143,"column":40}},"37":{"start":{"line":145,"column":8},"end":{"line":147,"column":11}},"38":{"start":{"line":146,"column":12},"end":{"line":146,"column":40}},"39":{"start":{"line":148,"column":8},"end":{"line":148,"column":30}},"40":{"start":{"line":150,"column":8},"end":{"line":155,"column":9}},"41":{"start":{"line":151,"column":12},"end":{"line":153,"column":13}},"42":{"start":{"line":152,"column":16},"end":{"line":152,"column":25}},"43":{"start":{"line":154,"column":12},"end":{"line":154,"column":77}},"44":{"start":{"line":157,"column":8},"end":{"line":225,"column":9}},"45":{"start":{"line":158,"column":12},"end":{"line":158,"column":51}},"46":{"start":{"line":159,"column":12},"end":{"line":159,"column":44}},"47":{"start":{"line":160,"column":12},"end":{"line":224,"column":13}},"48":{"start":{"line":161,"column":16},"end":{"line":161,"column":38}},"49":{"start":{"line":162,"column":16},"end":{"line":173,"column":17}},"50":{"start":{"line":163,"column":20},"end":{"line":163,"column":52}},"51":{"start":{"line":164,"column":20},"end":{"line":170,"column":21}},"52":{"start":{"line":165,"column":24},"end":{"line":166,"column":81}},"53":{"start":{"line":168,"column":24},"end":{"line":168,"column":82}},"54":{"start":{"line":169,"column":24},"end":{"line":169,"column":61}},"55":{"start":{"line":172,"column":20},"end":{"line":172,"column":50}},"56":{"start":{"line":175,"column":16},"end":{"line":175,"column":39}},"57":{"start":{"line":176,"column":16},"end":{"line":186,"column":17}},"58":{"start":{"line":179,"column":20},"end":{"line":183,"column":21}},"59":{"start":{"line":182,"column":24},"end":{"line":182,"column":33}},"60":{"start":{"line":184,"column":20},"end":{"line":185,"column":51}},"61":{"start":{"line":189,"column":16},"end":{"line":194,"column":17}},"62":{"start":{"line":190,"column":20},"end":{"line":193,"column":21}},"63":{"start":{"line":191,"column":24},"end":{"line":192,"column":55}},"64":{"start":{"line":196,"column":16},"end":{"line":222,"column":17}},"65":{"start":{"line":197,"column":20},"end":{"line":197,"column":50}},"66":{"start":{"line":198,"column":20},"end":{"line":221,"column":21}},"67":{"start":{"line":199,"column":24},"end":{"line":199,"column":52}},"68":{"start":{"line":200,"column":24},"end":{"line":203,"column":25}},"69":{"start":{"line":201,"column":28},"end":{"line":202,"column":80}},"70":{"start":{"line":204,"column":27},"end":{"line":221,"column":21}},"71":{"start":{"line":205,"column":24},"end":{"line":205,"column":50}},"72":{"start":{"line":206,"column":24},"end":{"line":209,"column":25}},"73":{"start":{"line":207,"column":28},"end":{"line":208,"column":80}},"74":{"start":{"line":210,"column":27},"end":{"line":221,"column":21}},"75":{"start":{"line":211,"column":24},"end":{"line":218,"column":25}},"76":{"start":{"line":212,"column":28},"end":{"line":217,"column":29}},"77":{"start":{"line":213,"column":32},"end":{"line":213,"column":58}},"78":{"start":{"line":215,"column":32},"end":{"line":216,"column":63}},"79":{"start":{"line":219,"column":27},"end":{"line":221,"column":21}},"80":{"start":{"line":220,"column":24},"end":{"line":220,"column":48}},"81":{"start":{"line":223,"column":16},"end":{"line":223,"column":39}},"82":{"start":{"line":227,"column":8},"end":{"line":297,"column":9}},"83":{"start":{"line":228,"column":12},"end":{"line":230,"column":13}},"84":{"start":{"line":229,"column":16},"end":{"line":229,"column":30}},"85":{"start":{"line":231,"column":12},"end":{"line":296,"column":15}},"86":{"start":{"line":232,"column":16},"end":{"line":232,"column":46}},"87":{"start":{"line":233,"column":16},"end":{"line":235,"column":17}},"88":{"start":{"line":234,"column":20},"end":{"line":234,"column":27}},"89":{"start":{"line":236,"column":16},"end":{"line":236,"column":61}},"90":{"start":{"line":237,"column":16},"end":{"line":295,"column":17}},"91":{"start":{"line":239,"column":20},"end":{"line":239,"column":70}},"92":{"start":{"line":240,"column":20},"end":{"line":240,"column":55}},"93":{"start":{"line":241,"column":20},"end":{"line":241,"column":75}},"94":{"start":{"line":242,"column":20},"end":{"line":242,"column":39}},"95":{"start":{"line":243,"column":20},"end":{"line":243,"column":69}},"96":{"start":{"line":245,"column":20},"end":{"line":252,"column":21}},"97":{"start":{"line":246,"column":24},"end":{"line":246,"column":43}},"98":{"start":{"line":249,"column":24},"end":{"line":251,"column":26}},"99":{"start":{"line":250,"column":28},"end":{"line":250,"column":49}},"100":{"start":{"line":254,"column":20},"end":{"line":291,"column":22}},"101":{"start":{"line":255,"column":24},"end":{"line":271,"column":25}},"102":{"start":{"line":256,"column":28},"end":{"line":256,"column":59}},"103":{"start":{"line":260,"column":28},"end":{"line":260,"column":69}},"104":{"start":{"line":261,"column":28},"end":{"line":263,"column":29}},"105":{"start":{"line":262,"column":32},"end":{"line":262,"column":62}},"106":{"start":{"line":265,"column":28},"end":{"line":267,"column":29}},"107":{"start":{"line":266,"column":32},"end":{"line":266,"column":62}},"108":{"start":{"line":270,"column":28},"end":{"line":270,"column":35}},"109":{"start":{"line":273,"column":24},"end":{"line":290,"column":25}},"110":{"start":{"line":274,"column":28},"end":{"line":287,"column":29}},"111":{"start":{"line":275,"column":32},"end":{"line":284,"column":35}},"112":{"start":{"line":276,"column":36},"end":{"line":282,"column":38}},"113":{"start":{"line":277,"column":40},"end":{"line":281,"column":41}},"114":{"start":{"line":278,"column":44},"end":{"line":278,"column":56}},"115":{"start":{"line":280,"column":44},"end":{"line":280,"column":57}},"116":{"start":{"line":283,"column":36},"end":{"line":283,"column":93}},"117":{"start":{"line":286,"column":32},"end":{"line":286,"column":116}},"118":{"start":{"line":289,"column":28},"end":{"line":289,"column":91}},"119":{"start":{"line":294,"column":20},"end":{"line":294,"column":51}},"120":{"start":{"line":299,"column":8},"end":{"line":299,"column":27}},"121":{"start":{"line":346,"column":4},"end":{"line":367,"column":6}},"122":{"start":{"line":347,"column":8},"end":{"line":350,"column":9}},"123":{"start":{"line":348,"column":12},"end":{"line":348,"column":30}},"124":{"start":{"line":349,"column":12},"end":{"line":349,"column":19}},"125":{"start":{"line":351,"column":8},"end":{"line":353,"column":9}},"126":{"start":{"line":352,"column":12},"end":{"line":352,"column":121}},"127":{"start":{"line":354,"column":8},"end":{"line":356,"column":9}},"128":{"start":{"line":355,"column":12},"end":{"line":355,"column":100}},"129":{"start":{"line":357,"column":8},"end":{"line":361,"column":9}},"130":{"start":{"line":358,"column":12},"end":{"line":360,"column":13}},"131":{"start":{"line":359,"column":16},"end":{"line":359,"column":100}},"132":{"start":{"line":362,"column":8},"end":{"line":364,"column":9}},"133":{"start":{"line":363,"column":12},"end":{"line":363,"column":79}},"134":{"start":{"line":366,"column":8},"end":{"line":366,"column":28}},"135":{"start":{"line":369,"column":4},"end":{"line":385,"column":5}},"136":{"start":{"line":370,"column":8},"end":{"line":372,"column":9}},"137":{"start":{"line":371,"column":12},"end":{"line":371,"column":47}},"138":{"start":{"line":374,"column":8},"end":{"line":374,"column":23}},"139":{"start":{"line":375,"column":8},"end":{"line":377,"column":9}},"140":{"start":{"line":376,"column":12},"end":{"line":376,"column":25}},"141":{"start":{"line":381,"column":8},"end":{"line":383,"column":11}},"142":{"start":{"line":382,"column":12},"end":{"line":382,"column":30}},"143":{"start":{"line":384,"column":8},"end":{"line":384,"column":21}},"144":{"start":{"line":393,"column":4},"end":{"line":395,"column":6}},"145":{"start":{"line":394,"column":8},"end":{"line":394,"column":39}},"146":{"start":{"line":403,"column":4},"end":{"line":405,"column":6}},"147":{"start":{"line":404,"column":8},"end":{"line":404,"column":39}},"148":{"start":{"line":413,"column":4},"end":{"line":415,"column":6}},"149":{"start":{"line":414,"column":8},"end":{"line":414,"column":39}},"150":{"start":{"line":423,"column":4},"end":{"line":425,"column":6}},"151":{"start":{"line":424,"column":8},"end":{"line":424,"column":40}},"152":{"start":{"line":427,"column":4},"end":{"line":466,"column":5}},"153":{"start":{"line":428,"column":8},"end":{"line":428,"column":24}},"154":{"start":{"line":429,"column":8},"end":{"line":429,"column":44}},"155":{"start":{"line":430,"column":8},"end":{"line":433,"column":9}},"156":{"start":{"line":431,"column":12},"end":{"line":431,"column":75}},"157":{"start":{"line":432,"column":12},"end":{"line":432,"column":94}},"158":{"start":{"line":435,"column":8},"end":{"line":435,"column":45}},"159":{"start":{"line":437,"column":8},"end":{"line":437,"column":49}},"160":{"start":{"line":438,"column":8},"end":{"line":440,"column":9}},"161":{"start":{"line":439,"column":12},"end":{"line":439,"column":34}},"162":{"start":{"line":442,"column":8},"end":{"line":446,"column":10}},"163":{"start":{"line":448,"column":8},"end":{"line":465,"column":9}},"164":{"start":{"line":449,"column":12},"end":{"line":462,"column":13}},"165":{"start":{"line":450,"column":16},"end":{"line":459,"column":19}},"166":{"start":{"line":451,"column":20},"end":{"line":457,"column":22}},"167":{"start":{"line":452,"column":24},"end":{"line":456,"column":25}},"168":{"start":{"line":453,"column":28},"end":{"line":453,"column":40}},"169":{"start":{"line":455,"column":28},"end":{"line":455,"column":41}},"170":{"start":{"line":458,"column":20},"end":{"line":458,"column":77}},"171":{"start":{"line":461,"column":16},"end":{"line":461,"column":100}},"172":{"start":{"line":464,"column":12},"end":{"line":464,"column":75}},"173":{"start":{"line":476,"column":4},"end":{"line":483,"column":6}},"174":{"start":{"line":477,"column":8},"end":{"line":480,"column":9}},"175":{"start":{"line":478,"column":12},"end":{"line":478,"column":31}},"176":{"start":{"line":479,"column":12},"end":{"line":479,"column":27}},"177":{"start":{"line":481,"column":8},"end":{"line":481,"column":51}},"178":{"start":{"line":482,"column":8},"end":{"line":482,"column":67}},"179":{"start":{"line":493,"column":4},"end":{"line":500,"column":6}},"180":{"start":{"line":494,"column":8},"end":{"line":497,"column":9}},"181":{"start":{"line":495,"column":12},"end":{"line":495,"column":31}},"182":{"start":{"line":496,"column":12},"end":{"line":496,"column":27}},"183":{"start":{"line":498,"column":8},"end":{"line":498,"column":51}},"184":{"start":{"line":499,"column":8},"end":{"line":499,"column":67}},"185":{"start":{"line":510,"column":4},"end":{"line":517,"column":6}},"186":{"start":{"line":511,"column":8},"end":{"line":514,"column":9}},"187":{"start":{"line":512,"column":12},"end":{"line":512,"column":31}},"188":{"start":{"line":513,"column":12},"end":{"line":513,"column":27}},"189":{"start":{"line":515,"column":8},"end":{"line":515,"column":51}},"190":{"start":{"line":516,"column":8},"end":{"line":516,"column":67}},"191":{"start":{"line":527,"column":4},"end":{"line":534,"column":6}},"192":{"start":{"line":528,"column":8},"end":{"line":531,"column":9}},"193":{"start":{"line":529,"column":12},"end":{"line":529,"column":31}},"194":{"start":{"line":530,"column":12},"end":{"line":530,"column":27}},"195":{"start":{"line":532,"column":8},"end":{"line":532,"column":51}},"196":{"start":{"line":533,"column":8},"end":{"line":533,"column":68}},"197":{"start":{"line":536,"column":4},"end":{"line":544,"column":5}},"198":{"start":{"line":537,"column":8},"end":{"line":537,"column":67}},"199":{"start":{"line":538,"column":8},"end":{"line":540,"column":9}},"200":{"start":{"line":539,"column":12},"end":{"line":539,"column":27}},"201":{"start":{"line":541,"column":8},"end":{"line":541,"column":32}},"202":{"start":{"line":542,"column":8},"end":{"line":542,"column":81}},"203":{"start":{"line":543,"column":8},"end":{"line":543,"column":23}},"204":{"start":{"line":546,"column":4},"end":{"line":551,"column":5}},"205":{"start":{"line":547,"column":8},"end":{"line":549,"column":9}},"206":{"start":{"line":548,"column":12},"end":{"line":548,"column":71}},"207":{"start":{"line":550,"column":8},"end":{"line":550,"column":23}},"208":{"start":{"line":553,"column":4},"end":{"line":618,"column":5}},"209":{"start":{"line":554,"column":8},"end":{"line":554,"column":26}},"210":{"start":{"line":555,"column":8},"end":{"line":557,"column":9}},"211":{"start":{"line":556,"column":12},"end":{"line":556,"column":46}},"212":{"start":{"line":558,"column":8},"end":{"line":560,"column":10}},"213":{"start":{"line":561,"column":8},"end":{"line":564,"column":9}},"214":{"start":{"line":562,"column":12},"end":{"line":562,"column":26}},"215":{"start":{"line":563,"column":12},"end":{"line":563,"column":23}},"216":{"start":{"line":566,"column":8},"end":{"line":615,"column":11}},"217":{"start":{"line":567,"column":12},"end":{"line":567,"column":55}},"218":{"start":{"line":568,"column":12},"end":{"line":570,"column":13}},"219":{"start":{"line":569,"column":16},"end":{"line":569,"column":23}},"220":{"start":{"line":572,"column":12},"end":{"line":572,"column":65}},"221":{"start":{"line":573,"column":12},"end":{"line":573,"column":78}},"222":{"start":{"line":574,"column":12},"end":{"line":574,"column":20}},"223":{"start":{"line":575,"column":12},"end":{"line":602,"column":13}},"224":{"start":{"line":576,"column":16},"end":{"line":599,"column":17}},"225":{"start":{"line":577,"column":20},"end":{"line":583,"column":21}},"226":{"start":{"line":578,"column":24},"end":{"line":578,"column":72}},"227":{"start":{"line":579,"column":24},"end":{"line":579,"column":65}},"228":{"start":{"line":581,"column":24},"end":{"line":582,"column":59}},"229":{"start":{"line":584,"column":23},"end":{"line":599,"column":17}},"230":{"start":{"line":586,"column":20},"end":{"line":590,"column":51}},"231":{"start":{"line":588,"column":44},"end":{"line":588,"column":76}},"232":{"start":{"line":594,"column":20},"end":{"line":598,"column":21}},"233":{"start":{"line":595,"column":24},"end":{"line":595,"column":66}},"234":{"start":{"line":597,"column":24},"end":{"line":597,"column":65}},"235":{"start":{"line":601,"column":16},"end":{"line":601,"column":37}},"236":{"start":{"line":604,"column":12},"end":{"line":614,"column":13}},"237":{"start":{"line":605,"column":16},"end":{"line":605,"column":56}},"238":{"start":{"line":607,"column":16},"end":{"line":613,"column":17}},"239":{"start":{"line":608,"column":20},"end":{"line":608,"column":36}},"240":{"start":{"line":609,"column":23},"end":{"line":613,"column":17}},"241":{"start":{"line":610,"column":20},"end":{"line":610,"column":47}},"242":{"start":{"line":611,"column":23},"end":{"line":613,"column":17}},"243":{"start":{"line":612,"column":20},"end":{"line":612,"column":58}},"244":{"start":{"line":616,"column":8},"end":{"line":616,"column":22}},"245":{"start":{"line":617,"column":8},"end":{"line":617,"column":19}},"246":{"start":{"line":631,"column":4},"end":{"line":846,"column":6}},"247":{"start":{"line":632,"column":8},"end":{"line":632,"column":24}},"248":{"start":{"line":633,"column":8},"end":{"line":633,"column":48}},"249":{"start":{"line":634,"column":8},"end":{"line":634,"column":44}},"250":{"start":{"line":635,"column":8},"end":{"line":635,"column":117}},"251":{"start":{"line":636,"column":8},"end":{"line":636,"column":65}},"252":{"start":{"line":637,"column":8},"end":{"line":637,"column":81}},"253":{"start":{"line":638,"column":8},"end":{"line":638,"column":72}},"254":{"start":{"line":639,"column":8},"end":{"line":639,"column":73}},"255":{"start":{"line":644,"column":8},"end":{"line":648,"column":9}},"256":{"start":{"line":646,"column":12},"end":{"line":646,"column":36}},"257":{"start":{"line":647,"column":12},"end":{"line":647,"column":52}},"258":{"start":{"line":650,"column":8},"end":{"line":650,"column":66}},"259":{"start":{"line":651,"column":8},"end":{"line":651,"column":30}},"260":{"start":{"line":652,"column":8},"end":{"line":652,"column":72}},"261":{"start":{"line":653,"column":8},"end":{"line":653,"column":23}},"262":{"start":{"line":654,"column":8},"end":{"line":656,"column":9}},"263":{"start":{"line":655,"column":12},"end":{"line":655,"column":42}},"264":{"start":{"line":658,"column":8},"end":{"line":658,"column":21}},"265":{"start":{"line":659,"column":8},"end":{"line":659,"column":30}},"266":{"start":{"line":660,"column":8},"end":{"line":664,"column":9}},"267":{"start":{"line":661,"column":12},"end":{"line":661,"column":41}},"268":{"start":{"line":663,"column":12},"end":{"line":663,"column":73}},"269":{"start":{"line":665,"column":8},"end":{"line":667,"column":9}},"270":{"start":{"line":666,"column":12},"end":{"line":666,"column":50}},"271":{"start":{"line":669,"column":8},"end":{"line":669,"column":32}},"272":{"start":{"line":671,"column":8},"end":{"line":674,"column":10}},"273":{"start":{"line":675,"column":8},"end":{"line":687,"colum
[...]
:99},"b":{"1":[0,0],"2":[0,0]},"f":{"1":0,"2":1,"3":0,"4":0,"5":42,"6":0,"7":42,"8":99},"fnMap":{"1":{"name":"(anonymous_1)","line":14,"loc":{"start":{"line":14,"column":20},"end":{"line":14,"column":53}}},"2":{"name":"(anonymous_2)","line":24,"loc":{"start":{"line":24,"column":1},"end":{"line":24,"column":12}}},"3":{"name":"(anonymous_3)","line":30,"loc":{"start":{"line":30,"column":20},"end":{"line":30,"column":31}}},"4":{"name":"(anonymous_4)","line":39,"loc":{"start":{"line":39,"column":18},"end":{"line":39,"column":29}}},"5":{"name":"(anonymous_5)","line":99,"loc":{"start":{"line":99,"column":17},"end":{"line":99,"column":46}}},"6":{"name":"(anonymous_6)","line":100,"loc":{"start":{"line":100,"column":15},"end":{"line":100,"column":29}}},"7":{"name":"toCamelCase","line":116,"loc":{"start":{"line":116,"column":0},"end":{"line":116,"column":26}}},"8":{"name":"(anonymous_8)","line":117,"loc":{"start":{"line":117,"column":57},"end":{"line":117,"column":73}}}},"statementMap":{"1":{"start":{"line":12,"column":0},"end":{"line":12,"column":27}},"2":{"start":{"line":14,"column":0},"end":{"line":21,"column":2}},"3":{"start":{"line":15,"column":4},"end":{"line":15,"column":30}},"4":{"start":{"line":17,"column":4},"end":{"line":17,"column":27}},"5":{"start":{"line":18,"column":4},"end":{"line":18,"column":21}},"6":{"start":{"line":19,"column":4},"end":{"line":19,"column":36}},"7":{"start":{"line":20,"column":4},"end":{"line":20,"column":27}},"8":{"start":{"line":22,"column":0},"end":{"line":22,"column":40}},"9":{"start":{"line":24,"column":0},"end":{"line":47,"column":37}},"10":{"start":{"line":30,"column":4},"end":{"line":32,"column":6}},"11":{"start":{"line":31,"column":8},"end":{"line":31,"column":28}},"12":{"start":{"line":39,"column":4},"end":{"line":45,"column":6}},"13":{"start":{"line":40,"column":8},"end":{"line":44,"column":10}},"14":{"start":{"line":50,"column":0},"end":{"line":93,"column":2}},"15":{"start":{"line":96,"column":0},"end":{"line":114,"column":1}},"16":{"start":{"line":97,"column":4},"end":{"line":97,"column":41}},"17":{"start":{"line":99,"column":4},"end":{"line":107,"column":27}},"18":{"start":{"line":100,"column":8},"end":{"line":106,"column":10}},"19":{"start":{"line":101,"column":12},"end":{"line":101,"column":45}},"20":{"start":{"line":102,"column":12},"end":{"line":102,"column":84}},"21":{"start":{"line":104,"column":12},"end":{"line":105,"column":64}},"22":{"start":{"line":105,"column":16},"end":{"line":105,"column":64}},"23":{"start":{"line":109,"column":4},"end":{"line":109,"column":44}},"24":{"start":{"line":111,"column":4},"end":{"line":111,"column":44}},"25":{"start":{"line":112,"column":4},"end":{"line":112,"column":31}},"26":{"start":{"line":113,"column":4},"end":{"line":113,"column":28}},"27":{"start":{"line":116,"column":0},"end":{"line":120,"column":1}},"28":{"start":{"line":117,"column":4},"end":{"line":119,"column":7}},"29":{"start":{"line":118,"column":8},"end":{"line":118,"column":58}}},"branchMap":{"1":{"line":102,"type":"binary-expr","locations":[{"start":{"line":102,"column":41},"end":{"line":102,"column":44}},{"start":{"line":102,"column":48},"end":{"line":102,"column":74}}]},"2":{"line":104,"type":"if","locations":[{"start":{"line":104,"column":12},"end":{"line":104,"column":12}},{"start":{"line":104,"column":12},"end":{"line":104,"column":12}}]}},"code":["/** section: github"," * class HttpError"," *"," *  Copyright 2012 Cloud9 IDE, Inc."," *"," *  This product includes software developed by"," *  Cloud9 IDE, Inc (http://c9.io)."," *"," *  Author: Mike de Boer <mike@c9.io>"," **/","","var Util = require(\"util\");","","exports.HttpError = function(message, code, headers) {","    Error.call(this, message);","    //Error.captureStackTrace(this, arguments.callee);","    this.message = message;","    this.code = code;","    this.status = statusCodes[code];","    this.headers = headers;","};","Util.inherits(exports.HttpError, Error);","","(function() {","    /**","     *  HttpError#toString() -> String","     *","     *  Returns the stringified version of the error (i.e. the message).","     **/","    this.toString = function() {","        return this.message;","    };","","    /**","     *  HttpError#toJSON() -> Object","     *","     *  Returns a JSON object representation of the error.","     **/","    this.toJSON = function() {","        return {","            code: this.code,","            status: this.status,","            message: this.message","        };","    };","","}).call(exports.HttpError.prototype);","","","var statusCodes = {","    400: \"Bad Request\",","    401: \"Unauthorized\",","    402: \"Payment Required\",","    403: \"Forbidden\",","    404: \"Not Found\",","    405: \"Method Not Allowed\",","    406: \"Not Acceptable\",","    407: \"Proxy Authentication Required\",","    408: \"Request Timeout\",","    409: \"Conflict\",","    410: \"Gone\",","    411: \"Length Required\",","    412: \"Precondition Failed\",","    413: \"Request Entity Too Large\",","    414: \"Request-URI Too Long\",","    415: \"Unsupported Media Type\",","    416: \"Requested Range Not Satisfiable\",","    417: \"Expectation Failed\",","    420: \"Enhance Your Calm\",","    422: \"Unprocessable Entity\",","    423: \"Locked\",","    424: \"Failed Dependency\",","    425: \"Unordered Collection\",","    426: \"Upgrade Required\",","    428: \"Precondition Required\",","    429: \"Too Many Requests\",","    431: \"Request Header Fields Too Large\",","    444: \"No Response\",","    449: \"Retry With\",","    499: \"Client Closed Request\",","    500: \"Internal Server Error\",","    501: \"Not Implemented\",","    502: \"Bad Gateway\",","    503: \"Service Unavailable\",","    504: \"Gateway Timeout\",","    505: \"HTTP Version Not Supported\",","    506: \"Variant Also Negotiates\",","    507: \"Insufficient Storage\",","    508: \"Loop Detected\",","    509: \"Bandwidth Limit Exceeded\",","    510: \"Not Extended\",","    511: \"Network Authentication Required\"","};","","// XXX: Remove?","for (var status in statusCodes) {","    var defaultMsg = statusCodes[status];","","    var error = (function(defaultMsg, status) {","        return function(msg) {","            this.defaultMessage = defaultMsg;","            exports.HttpError.call(this, msg || status + \": \" + defaultMsg, status);","","            if (status >= 500)","                Error.captureStackTrace(this, arguments.callee);","        };","    })(defaultMsg, status);","","    Util.inherits(error, exports.HttpError);","","    var className = toCamelCase(defaultMsg);","    exports[className] = error;","    exports[status] = error;","}","","function toCamelCase(str) {","    return str.toLowerCase().replace(/(?:(^.)|(\\s+.))/g, function(match) {","        return match.charAt(match.length-1).toUpperCase();","    });","}",""],"l":{"12":1,"14":1,"15":0,"17":0,"18":0,"19":0,"20":0,"22":1,"24":1,"30":1,"31":0,"39":1,"40":0,"50":1,"96":1,"97":42,"99":42,"100":42,"101":0,"102":0,"104":0,"105":0,"109":42,"111":42,"112":42,"113":42,"116":1,"117":42,"118":99}},"/home/travis/build/npmtest/node-npmtest-github/node_modules/github/lib/util.js":{"path":"/home/travis/build/npmtest/node-npmtest-github/node_modules/github/lib/util.js","s":{"1":1,"2":1,"3":0,"4":0,"5":0,"6":0,"7":1,"8":0,"9":1,"10":0,"11":0,"12":0,"13":0,"14":0,"15":1,"16":0,"17":1,"18":0,"19":1,"20":1,"21":1,"22":0,"23":0,"24":0,"25":0,"26":0,"27":0,"28":0,"29":0,"30":0,"31":0},"b":{"1":[0,0],"2":[0,0],"3":[0,0],"4":[0,0,0,0,0,0],"5":[0,0,0,0,0],"6":[0,0],"7":[0,0],"8":[0,0]},"f":{"1":0,"2":0,"3":0,"4":0,"5":0,"6":0,"7":0,"8":0,"9":0},"fnMap":{"1":{"name":"(anonymous_1)","line":24,"loc":{"start":{"line":24,"column":17},"end":{"line":24,"column":50}}},"2":{"name":"(anonymous_2)","line":40,"loc":{"start":{"line":40,"column":23},"end":{"line":40,"column":37}}},"3":{"name":"(anonymous_3)","line":57,"loc":{"start":{"line":57,"column":22},"end":{"line":57,"column":43}}},"4":{"name":"(anonymous_4)","line":58,"loc":{"start":{"line":58,"column":61},"end":{"line":58,"column":77}}},"5":{"name":"(anonymous_5)","line":78,"loc":{"start":{"line":78,"column":17},"end":{"line":78,"column":28}}},"6":{"name":"(anonymous_6)","line":93,"loc":{"start":{"line":93,"column":18},"end":{"line":93,"column":29}}},"7":{"name":"(anonymous_7)","line":126,"loc":{"start":{"line":126,"column":14},"end":{"line":126,"column":25}}},"8":{"name":"(anonymous_8)","line":135,"loc":{"start":{"line":135,"column":23},"end":{"line":135,"column":37}}},"9":{"name":"(anonymous_9)","line":140,"loc":{"start":{"line":140,"column":28},"end":{"line":140,"column":43}}}},"statementMap":{"1":{"start":{"line":12,"column":0},"end":{"line":12,"column":27}},"2":{"start":{"line":24,"column":0},"end":{"line":31,"column":2}},"3":{"start":{"line":25,"column":4},"end":{"line":29,"column":5}},"4":{"start":{"line":26,"column":8},"end":{"line":28,"column":9}},"5":{"start":{"line":27,"column":12},"end":{"line":27,"column":35}},"6":{"start":{"line":30,"column":4},"end":{"line":30,"column":16}},"7":{"start":{"line":40,"column":0},"end":{"line":42,"column":2}},"8":{"start":{"line":41,"column":4},"end":{"line":41,"column":58}},"9":{"start":{"line":57,"column":0},"end":{"line":65,"column":2}},"10":{"start":{"line":58,"column":4},"end":{"line":60,"column":7}},"11":{"start":{"line":59,"column":8},"end":{"line":59,"column":60}},"12":{"start":{"line":61,"column":4},"end":{"line":63,"column":5}},"13":{"start":{"line":62,"column":8},"end":{"line":62,"column":19}},"14":{"start":{"line":64,"column":4},"end":{"line":64,"column":55}},"15":{"start":{"line":78,"column":0},"end":{"line":80,"column":2}},"16":{"start":{"line":79,"column":4},"end":{"line":79,"column":100}},"17":{"start":{"line":93,"column":0},"end":{"line":95,"column":2}},"18":{"start":{"line":94,"column":4},"end":{"line":94,"column":81}},"19":{"start":{"line":97,"column":0},"end":{"line":102,"column":2}},"20":{"start":{"line":103,"column":0},"end":{"line":103,"column":35}},"21":{"start":{"line":126,"column":0},"end":{"line":143,"column":2}},"22":{"start":{"line":127,"column":4},"end":{"line":127,"column":38}},"23":{"start":{"line":128,"column":4},"end":{"line":128,"column":40}},"24":{"start":{"line":130,"column":4},"end":{"line":130,"column":54}},"25":{"start":{"line":131,"column":4},"end":{"line":133,"column":5}},"26":{"start":{"line":132,"column":8},"end":{"line":132,"column":15}},"27":{"start":{"line":135,"column":4},"end":{"line":137,"column":17}},"28":{"start":{"line":136,"column":8},"end":{"line":136,"column":64}},"29":{"start":{"line":138,"column":4},"end":{"line":138,"column":70}},"30":{"start":{"line":140,"column":4},"end":{"line":142,"column":7}},"31":{"start":{"line":141,"column":8},"end":{"line":141,"column":38}}},"branchMap":{"1":{"line":26,"type":"if","locations":[{"start":{"line":26,"column":8},"end":{"line":26,"column":8}},{"start":{"line":26,"column":8},"end":{"line":26,"column":8}}]},"2":{"line":26,"type":"binary-expr","locations":[{"start":{"line":26,"column":12},"end":{"line":26,"column":24}},{"start":{"line":26,"column":28},"end":{"line":26,"column":60}}]},"3":{"line":61,"type":"if","locations":[{"start":{"line":61,"column":4},"end":{"line":61,"column":4}},{"start":{"line":61,"column":4},"end":{"line":61,"column":4}}]},"4":{"line":79,"type":"binary-expr","locations":[{"start":{"line":79,"column":12},"end":{"line":79,"column":22}},{"start":{"line":79,"column":26},"end":{"line":79,"column":38}},{"start":{"line":79,"column":42},"end":{"line":79,"column":52}},{"start":{"line":79,"column":56},"end":{"line":79,"column":76}},{"start":{"line":79,"column":80},"end":{"line":79,"column":85}},{"start":{"line":79,"column":89},"end":{"line":79,"column":98}}]},"5":{"line":94,"type":"binary-expr","locations":[{"start":{"line":94,"column":12},"end":{"line":94,"column":23}},{"start":{"line":94,"column":27},"end":{"line":94,"column":40}},{"start":{"line":94,"column":44},"end":{"line":94,"column":55}},{"start":{"line":94,"column":59},"end":{"line":94,"column":66}},{"start":{"line":94,"column":70},"end":{"line":94,"column":79}}]},"6":{"line":130,"type":"cond-expr","locations":[{"start":{"line":130,"column":34},"end":{"line":130,"column":44}},{"start":{"line":130,"column":47},"end":{"line":130,"column":53}}]},"7":{"line":131,"type":"if","locations":[{"start":{"line":131,"column":4},"end":{"line":131,"column":4}},{"start":{"line":131,"column":4},"end":{"line":131,"column":4}}]},"8":{"line":136,"type":"cond-expr","locations":[{"start":{"line":136,"column":40},"end":{"line":136,"column":57}},{"start":{"line":136,"column":60},"end":{"line":136,"column":63}}]}},"code":["/** section: github"," * class Util"," *"," *  Copyright 2012 Cloud9 IDE, Inc."," *"," *  This product includes software developed by"," *  Cloud9 IDE, Inc (http://c9.io)."," *"," *  Author: Mike de Boer <mike@c9.io>"," **/","","var Util = require(\"util\");","","/**"," *  Util#extend(dest, src, noOverwrite) -> Object"," *      - dest (Object): destination object"," *      - src (Object): source object"," *      - noOverwrite (Boolean): set to `true` to overwrite values in `src`"," *"," *  Shallow copy of properties from the `src` object to the `dest` object. If the"," *  `noOverwrite` argument is set to to `true`, the value of a property in `src`"," *  will not be overwritten if it already exists."," **/","exports.extend = function(dest, src, noOverwrite) {","    for (var prop in src) {","        if (!noOverwrite || typeof dest[prop] == \"undefined\") {","            dest[prop] = src[prop];","        }","    }","    return dest;","};","","/**"," *  Util#escapeRegExp(str) -> String"," *      - str (String): string to escape"," *"," *  Escapes characters inside a string that will an error when it is used as part"," *  of a regex upon instantiation like in `new RegExp(\"[0-9\" + str + \"]\")`"," **/","exports.escapeRegExp = function(str) {","    return str.replace(/([.*+?^${}()|[\\]\\/\\\\])/g, '\\\\$1');","};","","/**"," *  Util#toCamelCase(str, [upper]) -> String"," *      - str (String): string to transform"," *      - upper (Boolean): set to `true` to transform to CamelCase"," *"," *  Transform a string that contains spaces or dashes to camelCase. If `upper` is"," *  set to `true`, the string will be transformed to CamelCase."," *"," *  Example:"," *"," *      Util.toCamelCase(\"why U no-work\"); // returns 'whyUNoWork'"," *      Util.toCamelCase(\"I U no-work\", true); // returns 'WhyUNoWork'"," **/","exports.toCamelCase = function(str, upper) {","    str = str.toLowerCase().replace(/(?:(^.)|(\\s+.)|(-.))/g, function(match) {","        return match.charAt(match.length - 1).toUpperCase();","    });","    if (upper) {","        return str;","    }","    return str.charAt(0).toLowerCase() + str.substr(1);","};","","/**"," *  Util#isTrue(c) -> Boolean"," *      - c (mixed): value the variable to check. Possible values:"," *          true   The function returns true."," *          'true' The function returns true."," *          'on'   The function returns true."," *          1      The function returns true."," *          '1'    The function returns true."," *"," *  Determines whether a string is true in the html attribute sense."," **/","exports.isTrue = function(c){","    return (c === true || c === \"true\" || c === \"on\" || typeof c == \"number\" && c > 0 || c === \"1\");","};","","/**"," *  Util#isFalse(c) -> Boolean"," *      - c (mixed): value the variable to check. Possible values:"," *          false   The function returns true."," *          'false' The function returns true."," *          'off'   The function returns true."," *          0       The function returns true."," *          '0'     The function returns true."," *"," *  Determines whether a string is false in the html attribute sense."," **/","exports.isFalse = function(c){","    return (c === false || c === \"false\" || c === \"off\" || c === 0 || c === \"0\");","};","","var levels = {","    \"info\":  [\"\\u001b[90m\", \"\\u001b[39m\"], // grey","    \"error\": [\"\\u001b[31m\", \"\\u001b[39m\"], // red","    \"fatal\": [\"\\u001b[35m\", \"\\u001b[39m\"], // magenta","    \"exit\":  [\"\\u001b[36m\", \"\\u001b[39m\"]  // cyan","};","var _slice = Array.prototype.slice;","","/**"," *  Util#log(arg1, [arg2], [type]) -> null"," *      - arg1 (mixed): messages to be printed to the standard output"," *      - type (String): type denotation of the message. Possible values:"," *          'info', 'error', 'fatal', 'exit'. Optional, defaults to 'info'."," *"," *  Unified logging to the console; arguments passed to this function will put logged"," *  to the standard output of the current process and properly formatted."," *  Any non-String object will be inspected by the NodeJS util#inspect utility"," *  function."," *  Messages will be prefixed with its type (with corresponding font color), like so:"," *"," *      [info] informational message"," *      [error] error message"," *      [fatal] fatal error message"," *      [exit] program exit message (not an error)"," *"," * The type of message can be defined by passing it to this function as the last/"," * final argument. If the type can not be found, this last/ final argument will be"," * regarded as yet another message."," **/","exports.log = function() {","    var args = _slice.call(arguments);","    var lastArg = args[args.length - 1];","","    var level = levels[lastArg] ? args.pop() : \"info\";","    if (!args.length) {","        return;","    }","","    var msg = args.map(function(arg) {","        return typeof arg != \"string\" ? Util.inspect(arg) : arg;","    }).join(\" \");","    var pfx = levels[level][0] + \"[\" + level + \"]\" + levels[level][1];","","    msg.split(\"\\n\").forEach(function(line) {","        console.log(pfx + \" \" + line);","    });","};",""],"l":{"12":1,"24":1,"25":0,"26":0,"27":0,"30":0,"40":1,"41":0,"57":1,"58":0,"59":0,"61":0,"62":0,"64":0,"78":1,"79":0,"93":1,"94":0,"97":1,"103":1,"126":1,"127":0,"128":0,"130":0,"131":0,"132":0,"135":0,"136":0,"138":0,"140":0,"141":0}},"/home/travis/build/npmtest/node-npmtest-github/node_modules/github/lib/promise.js":{"path":"/home/travis/build/npmtest/node-npmtest-github/node_modules/github/lib/promise.js","s":{"1":1,"2":1,"3":1,"4":1,"5":0,"6":1,"7":1,"8":2},"b":{"1":[1,0],"2":[1,0],"3":[0,1]},"f":{"1":1,"2":2},"fnMap":{"1":{"name":"(anonymous_1)","line":6,"loc":{"start":{"line":6,"column":16},"end":{"line":6,"column":35}}},"2":{"name":"isFunction","line":15,"loc":{"start":{"line":15,"column":0},"end":{"line":15,"column":23}}}},"statementMap":{"1":{"start":{"line":3,"column":0},"end":{"line":3,"column":37}},"2":{"start":{"line":5,"column":0},"end":{"line":11,"column":1}},"3":{"start":{"line":6,"column":4},"end":{"line":10,"column":7}},"4":{"start":{"line":7,"column":8},"end":{"line":9,"column":9}},"5":{"start":{"line":8,"column":12},"end":{"line":8,"column":27}},"6":{"start":{"line":13,"column":0},"end":{"line":13,"column":25}},"7":{"start":{"line":15,"column":0},"end":{"line":17,"column":1}},"8":{"start":{"line":16,"column":4},"end":{"line":16,"column":35}}},"branchMap":{"1":{"line":3,"type":"binary-expr","locations":[{"start":{"line":3,"column":14},"end":{"line":3,"column":28}},{"start":{"line":3,"column":32},"end":{"line":3,"column":36}}]},"2":{"line":5,"type":"if","locations":[{"start":{"line":5,"column":0},"end":{"line":5,"column":0}},{"start":{"line":5,"column":0},"end":{"line":5,"column":0}}]},"3":{"line":7,"type":"if","locations":[{"start":{"line":7,"column":8},"end":{"line":7,"column":8}},{"start":{"line":7,"column":8},"end":{"line":7,"column":8}}]}},"code":["\"use strict\";","","var Promise = global.Promise || null;","","if (isFunction(Promise)) {","    new Promise(function(resolver) {","        if (!isFunction(resolver)) {","            Promise = null;","        }","    });","}","","module.exports = Promise;","","function isFunction(x) {","    return typeof x === \"function\";","}",""],"l":{"3":1,"5":1,"6":1,"7":1,"8":0,"13":1,"15":1,"16":2}}}